@!@!@STARTMSG 2262:0 @!@!@
TLC2 Version 2.15 of Day Month 20?? (rev: eb3ff99)
@!@!@ENDMSG 2262 @!@!@
@!@!@STARTMSG 2187:0 @!@!@
Running breadth-first search Model-Checking with fp 25 and seed -4793931535808670259 with 2 workers on 4 cores with 599MB heap and 1345MB offheap memory [pid: 17360] (Windows 10 10.0 amd64, AdoptOpenJDK 11.0.3 x86_64, OffHeapDiskFPSet, DiskStateQueue).
@!@!@ENDMSG 2187 @!@!@
@!@!@STARTMSG 2220:0 @!@!@
Starting SANY...
@!@!@ENDMSG 2220 @!@!@
Parsing file D:\travail\TELECOM\cours\MVSI\projet\mvsi\tableau\exo2.toolbox\Model_1\MC.tla
Parsing file D:\travail\TELECOM\cours\MVSI\projet\mvsi\tableau\exo2.toolbox\Model_1\exo2.tla
Parsing file D:\travail\TELECOM\cours\MVSI\toolbox\plugins\org.lamport.tlatools_1.0.0.202004251858\tla2sany\StandardModules\TLC.tla
Parsing file D:\travail\TELECOM\cours\MVSI\toolbox\plugins\org.lamport.tlatools_1.0.0.202004251858\tla2sany\StandardModules\Integers.tla
Parsing file D:\travail\TELECOM\cours\MVSI\toolbox\plugins\org.lamport.tlatools_1.0.0.202004251858\tla2sany\StandardModules\Sequences.tla
Parsing file D:\travail\TELECOM\cours\MVSI\toolbox\plugins\org.lamport.tlatools_1.0.0.202004251858\tla2sany\StandardModules\Naturals.tla
Parsing file D:\travail\TELECOM\cours\MVSI\toolbox\plugins\org.lamport.tlatools_1.0.0.202004251858\tla2sany\StandardModules\FiniteSets.tla
Semantic processing of module Naturals
Semantic processing of module Integers
Semantic processing of module Sequences
Semantic processing of module FiniteSets
Semantic processing of module TLC
Semantic processing of module exo2
Semantic processing of module MC
@!@!@STARTMSG 2219:0 @!@!@
SANY finished.
@!@!@ENDMSG 2219 @!@!@
@!@!@STARTMSG 2185:0 @!@!@
Starting... (2020-05-06 12:24:52)
@!@!@ENDMSG 2185 @!@!@
@!@!@STARTMSG 2212:0 @!@!@
Implied-temporal checking--satisfiability problem has 2 branches.
@!@!@ENDMSG 2212 @!@!@
@!@!@STARTMSG 2189:0 @!@!@
Computing initial states...
@!@!@ENDMSG 2189 @!@!@
@!@!@STARTMSG 2190:0 @!@!@
Finished computing initial states: 1 distinct state generated at 2020-05-06 12:24:53.
@!@!@ENDMSG 2190 @!@!@
1
1
1
1
1
1
1
@!@!@STARTMSG 2200:0 @!@!@
Progress(89) at 2020-05-06 12:24:53: 90 states generated, 89 distinct states found, 0 states left on queue.
@!@!@ENDMSG 2200 @!@!@
@!@!@STARTMSG 2192:0 @!@!@
Checking 2 branches of temporal properties for the complete state space with 178 total distinct states at (2020-05-06 12:24:53)
@!@!@ENDMSG 2192 @!@!@
@!@!@STARTMSG 2116:1 @!@!@
Temporal properties were violated.

@!@!@ENDMSG 2116 @!@!@
@!@!@STARTMSG 2264:1 @!@!@
The following behavior constitutes a counter-example:

@!@!@ENDMSG 2264 @!@!@
1
@!@!@STARTMSG 2217:4 @!@!@
1: <Initial predicate>
/\ swap = defaultInitValue
/\ array = defaultInitValue
/\ position = defaultInitValue
/\ c = defaultInitValue
/\ d = defaultInitValue
/\ pc = "l1"

@!@!@ENDMSG 2217 @!@!@
@!@!@STARTMSG 2217:4 @!@!@
2: <l1 line 76, col 7 to line 79, col 49 of module exo2>
/\ swap = defaultInitValue
/\ array = defaultInitValue
/\ position = defaultInitValue
/\ c = 1
/\ d = defaultInitValue
/\ pc = "l2"

@!@!@ENDMSG 2217 @!@!@
@!@!@STARTMSG 2217:4 @!@!@
3: <l2 line 81, col 7 to line 84, col 52 of module exo2>
/\ swap = defaultInitValue
/\ array = defaultInitValue
/\ position = defaultInitValue
/\ c = 1
/\ d = defaultInitValue
/\ pc = "l55"

@!@!@ENDMSG 2217 @!@!@
@!@!@STARTMSG 2217:4 @!@!@
4: <l55 line 86, col 8 to line 89, col 46 of module exo2>
/\ swap = defaultInitValue
/\ array = <<1, 2, 3, 5, 4, 2>>
/\ position = defaultInitValue
/\ c = 1
/\ d = defaultInitValue
/\ pc = "l3"

@!@!@ENDMSG 2217 @!@!@
@!@!@STARTMSG 2217:4 @!@!@
5: <l3 line 91, col 7 to line 95, col 52 of module exo2>
/\ swap = defaultInitValue
/\ array = <<1, 2, 3, 5, 4, 2>>
/\ position = defaultInitValue
/\ c = 1
/\ d = defaultInitValue
/\ pc = "l4"

@!@!@ENDMSG 2217 @!@!@
@!@!@STARTMSG 2217:4 @!@!@
6: <l4 line 97, col 7 to line 100, col 42 of module exo2>
/\ swap = defaultInitValue
/\ array = <<1, 2, 3, 5, 4, 2>>
/\ position = 1
/\ c = 1
/\ d = defaultInitValue
/\ pc = "l5"

@!@!@ENDMSG 2217 @!@!@
@!@!@STARTMSG 2217:4 @!@!@
7: <l5 line 102, col 7 to line 105, col 49 of module exo2>
/\ swap = defaultInitValue
/\ array = <<1, 2, 3, 5, 4, 2>>
/\ position = 1
/\ c = 1
/\ d = 2
/\ pc = "l6"

@!@!@ENDMSG 2217 @!@!@
@!@!@STARTMSG 2217:4 @!@!@
8: <l6 line 107, col 7 to line 111, col 52 of module exo2>
/\ swap = defaultInitValue
/\ array = <<1, 2, 3, 5, 4, 2>>
/\ position = 1
/\ c = 1
/\ d = 2
/\ pc = "l7"

@!@!@ENDMSG 2217 @!@!@
@!@!@STARTMSG 2217:4 @!@!@
9: <l7 line 113, col 7 to line 117, col 52 of module exo2>
/\ swap = defaultInitValue
/\ array = <<1, 2, 3, 5, 4, 2>>
/\ position = 1
/\ c = 1
/\ d = 2
/\ pc = "l6inc"

@!@!@ENDMSG 2217 @!@!@
@!@!@STARTMSG 2217:4 @!@!@
10: <l6inc line 124, col 10 to line 127, col 52 of module exo2>
/\ swap = defaultInitValue
/\ array = <<1, 2, 3, 5, 4, 2>>
/\ position = 1
/\ c = 1
/\ d = 3
/\ pc = "l6"

@!@!@ENDMSG 2217 @!@!@
@!@!@STARTMSG 2217:4 @!@!@
11: <l6 line 107, col 7 to line 111, col 52 of module exo2>
/\ swap = defaultInitValue
/\ array = <<1, 2, 3, 5, 4, 2>>
/\ position = 1
/\ c = 1
/\ d = 3
/\ pc = "l7"

@!@!@ENDMSG 2217 @!@!@
@!@!@STARTMSG 2217:4 @!@!@
12: <l7 line 113, col 7 to line 117, col 52 of module exo2>
/\ swap = defaultInitValue
/\ array = <<1, 2, 3, 5, 4, 2>>
/\ position = 1
/\ c = 1
/\ d = 3
/\ pc = "l6inc"

@!@!@ENDMSG 2217 @!@!@
@!@!@STARTMSG 2217:4 @!@!@
13: <l6inc line 124, col 10 to line 127, col 52 of module exo2>
/\ swap = defaultInitValue
/\ array = <<1, 2, 3, 5, 4, 2>>
/\ position = 1
/\ c = 1
/\ d = 4
/\ pc = "l6"

@!@!@ENDMSG 2217 @!@!@
@!@!@STARTMSG 2217:4 @!@!@
14: <l6 line 107, col 7 to line 111, col 52 of module exo2>
/\ swap = defaultInitValue
/\ array = <<1, 2, 3, 5, 4, 2>>
/\ position = 1
/\ c = 1
/\ d = 4
/\ pc = "l7"

@!@!@ENDMSG 2217 @!@!@
@!@!@STARTMSG 2217:4 @!@!@
15: <l7 line 113, col 7 to line 117, col 52 of module exo2>
/\ swap = defaultInitValue
/\ array = <<1, 2, 3, 5, 4, 2>>
/\ position = 1
/\ c = 1
/\ d = 4
/\ pc = "l6inc"

@!@!@ENDMSG 2217 @!@!@
@!@!@STARTMSG 2217:4 @!@!@
16: <l6inc line 124, col 10 to line 127, col 52 of module exo2>
/\ swap = defaultInitValue
/\ array = <<1, 2, 3, 5, 4, 2>>
/\ position = 1
/\ c = 1
/\ d = 5
/\ pc = "l6"

@!@!@ENDMSG 2217 @!@!@
@!@!@STARTMSG 2217:4 @!@!@
17: <l6 line 107, col 7 to line 111, col 52 of module exo2>
/\ swap = defaultInitValue
/\ array = <<1, 2, 3, 5, 4, 2>>
/\ position = 1
/\ c = 1
/\ d = 5
/\ pc = "l7"

@!@!@ENDMSG 2217 @!@!@
@!@!@STARTMSG 2217:4 @!@!@
18: <l7 line 113, col 7 to line 117, col 52 of module exo2>
/\ swap = defaultInitValue
/\ array = <<1, 2, 3, 5, 4, 2>>
/\ position = 1
/\ c = 1
/\ d = 5
/\ pc = "l6inc"

@!@!@ENDMSG 2217 @!@!@
@!@!@STARTMSG 2217:4 @!@!@
19: <l6inc line 124, col 10 to line 127, col 52 of module exo2>
/\ swap = defaultInitValue
/\ array = <<1, 2, 3, 5, 4, 2>>
/\ position = 1
/\ c = 1
/\ d = 6
/\ pc = "l6"

@!@!@ENDMSG 2217 @!@!@
@!@!@STARTMSG 2217:4 @!@!@
20: <l6 line 107, col 7 to line 111, col 52 of module exo2>
/\ swap = defaultInitValue
/\ array = <<1, 2, 3, 5, 4, 2>>
/\ position = 1
/\ c = 1
/\ d = 6
/\ pc = "l7"

@!@!@ENDMSG 2217 @!@!@
@!@!@STARTMSG 2217:4 @!@!@
21: <l7 line 113, col 7 to line 117, col 52 of module exo2>
/\ swap = defaultInitValue
/\ array = <<1, 2, 3, 5, 4, 2>>
/\ position = 1
/\ c = 1
/\ d = 6
/\ pc = "l6inc"

@!@!@ENDMSG 2217 @!@!@
@!@!@STARTMSG 2217:4 @!@!@
22: <l6inc line 124, col 10 to line 127, col 52 of module exo2>
/\ swap = defaultInitValue
/\ array = <<1, 2, 3, 5, 4, 2>>
/\ position = 1
/\ c = 1
/\ d = 7
/\ pc = "l6"

@!@!@ENDMSG 2217 @!@!@
@!@!@STARTMSG 2217:4 @!@!@
23: <l6 line 107, col 7 to line 111, col 52 of module exo2>
/\ swap = defaultInitValue
/\ array = <<1, 2, 3, 5, 4, 2>>
/\ position = 1
/\ c = 1
/\ d = 7
/\ pc = "l9"

@!@!@ENDMSG 2217 @!@!@
@!@!@STARTMSG 2217:4 @!@!@
24: <l9 line 129, col 7 to line 133, col 52 of module exo2>
/\ swap = defaultInitValue
/\ array = <<1, 2, 3, 5, 4, 2>>
/\ position = 1
/\ c = 1
/\ d = 7
/\ pc = "l3inc"

@!@!@ENDMSG 2217 @!@!@
@!@!@STARTMSG 2217:4 @!@!@
25: <l3inc line 150, col 10 to line 153, col 52 of module exo2>
/\ swap = defaultInitValue
/\ array = <<1, 2, 3, 5, 4, 2>>
/\ position = 1
/\ c = 2
/\ d = 7
/\ pc = "l3"

@!@!@ENDMSG 2217 @!@!@
@!@!@STARTMSG 2217:4 @!@!@
26: <l3 line 91, col 7 to line 95, col 52 of module exo2>
/\ swap = defaultInitValue
/\ array = <<1, 2, 3, 5, 4, 2>>
/\ position = 1
/\ c = 2
/\ d = 7
/\ pc = "l4"

@!@!@ENDMSG 2217 @!@!@
@!@!@STARTMSG 2217:4 @!@!@
27: <l4 line 97, col 7 to line 100, col 42 of module exo2>
/\ swap = defaultInitValue
/\ array = <<1, 2, 3, 5, 4, 2>>
/\ position = 2
/\ c = 2
/\ d = 7
/\ pc = "l5"

@!@!@ENDMSG 2217 @!@!@
@!@!@STARTMSG 2217:4 @!@!@
28: <l5 line 102, col 7 to line 105, col 49 of module exo2>
/\ swap = defaultInitValue
/\ array = <<1, 2, 3, 5, 4, 2>>
/\ position = 2
/\ c = 2
/\ d = 3
/\ pc = "l6"

@!@!@ENDMSG 2217 @!@!@
@!@!@STARTMSG 2217:4 @!@!@
29: <l6 line 107, col 7 to line 111, col 52 of module exo2>
/\ swap = defaultInitValue
/\ array = <<1, 2, 3, 5, 4, 2>>
/\ position = 2
/\ c = 2
/\ d = 3
/\ pc = "l7"

@!@!@ENDMSG 2217 @!@!@
@!@!@STARTMSG 2217:4 @!@!@
30: <l7 line 113, col 7 to line 117, col 52 of module exo2>
/\ swap = defaultInitValue
/\ array = <<1, 2, 3, 5, 4, 2>>
/\ position = 2
/\ c = 2
/\ d = 3
/\ pc = "l6inc"

@!@!@ENDMSG 2217 @!@!@
@!@!@STARTMSG 2217:4 @!@!@
31: <l6inc line 124, col 10 to line 127, col 52 of module exo2>
/\ swap = defaultInitValue
/\ array = <<1, 2, 3, 5, 4, 2>>
/\ position = 2
/\ c = 2
/\ d = 4
/\ pc = "l6"

@!@!@ENDMSG 2217 @!@!@
@!@!@STARTMSG 2217:4 @!@!@
32: <l6 line 107, col 7 to line 111, col 52 of module exo2>
/\ swap = defaultInitValue
/\ array = <<1, 2, 3, 5, 4, 2>>
/\ position = 2
/\ c = 2
/\ d = 4
/\ pc = "l7"

@!@!@ENDMSG 2217 @!@!@
@!@!@STARTMSG 2217:4 @!@!@
33: <l7 line 113, col 7 to line 117, col 52 of module exo2>
/\ swap = defaultInitValue
/\ array = <<1, 2, 3, 5, 4, 2>>
/\ position = 2
/\ c = 2
/\ d = 4
/\ pc = "l6inc"

@!@!@ENDMSG 2217 @!@!@
@!@!@STARTMSG 2217:4 @!@!@
34: <l6inc line 124, col 10 to line 127, col 52 of module exo2>
/\ swap = defaultInitValue
/\ array = <<1, 2, 3, 5, 4, 2>>
/\ position = 2
/\ c = 2
/\ d = 5
/\ pc = "l6"

@!@!@ENDMSG 2217 @!@!@
@!@!@STARTMSG 2217:4 @!@!@
35: <l6 line 107, col 7 to line 111, col 52 of module exo2>
/\ swap = defaultInitValue
/\ array = <<1, 2, 3, 5, 4, 2>>
/\ position = 2
/\ c = 2
/\ d = 5
/\ pc = "l7"

@!@!@ENDMSG 2217 @!@!@
@!@!@STARTMSG 2217:4 @!@!@
36: <l7 line 113, col 7 to line 117, col 52 of module exo2>
/\ swap = defaultInitValue
/\ array = <<1, 2, 3, 5, 4, 2>>
/\ position = 2
/\ c = 2
/\ d = 5
/\ pc = "l6inc"

@!@!@ENDMSG 2217 @!@!@
@!@!@STARTMSG 2217:4 @!@!@
37: <l6inc line 124, col 10 to line 127, col 52 of module exo2>
/\ swap = defaultInitValue
/\ array = <<1, 2, 3, 5, 4, 2>>
/\ position = 2
/\ c = 2
/\ d = 6
/\ pc = "l6"

@!@!@ENDMSG 2217 @!@!@
@!@!@STARTMSG 2217:4 @!@!@
38: <l6 line 107, col 7 to line 111, col 52 of module exo2>
/\ swap = defaultInitValue
/\ array = <<1, 2, 3, 5, 4, 2>>
/\ position = 2
/\ c = 2
/\ d = 6
/\ pc = "l7"

@!@!@ENDMSG 2217 @!@!@
@!@!@STARTMSG 2217:4 @!@!@
39: <l7 line 113, col 7 to line 117, col 52 of module exo2>
/\ swap = defaultInitValue
/\ array = <<1, 2, 3, 5, 4, 2>>
/\ position = 2
/\ c = 2
/\ d = 6
/\ pc = "l6inc"

@!@!@ENDMSG 2217 @!@!@
@!@!@STARTMSG 2217:4 @!@!@
40: <l6inc line 124, col 10 to line 127, col 52 of module exo2>
/\ swap = defaultInitValue
/\ array = <<1, 2, 3, 5, 4, 2>>
/\ position = 2
/\ c = 2
/\ d = 7
/\ pc = "l6"

@!@!@ENDMSG 2217 @!@!@
@!@!@STARTMSG 2217:4 @!@!@
41: <l6 line 107, col 7 to line 111, col 52 of module exo2>
/\ swap = defaultInitValue
/\ array = <<1, 2, 3, 5, 4, 2>>
/\ position = 2
/\ c = 2
/\ d = 7
/\ pc = "l9"

@!@!@ENDMSG 2217 @!@!@
@!@!@STARTMSG 2217:4 @!@!@
42: <l9 line 129, col 7 to line 133, col 52 of module exo2>
/\ swap = defaultInitValue
/\ array = <<1, 2, 3, 5, 4, 2>>
/\ position = 2
/\ c = 2
/\ d = 7
/\ pc = "l3inc"

@!@!@ENDMSG 2217 @!@!@
@!@!@STARTMSG 2217:4 @!@!@
43: <l3inc line 150, col 10 to line 153, col 52 of module exo2>
/\ swap = defaultInitValue
/\ array = <<1, 2, 3, 5, 4, 2>>
/\ position = 2
/\ c = 3
/\ d = 7
/\ pc = "l3"

@!@!@ENDMSG 2217 @!@!@
@!@!@STARTMSG 2217:4 @!@!@
44: <l3 line 91, col 7 to line 95, col 52 of module exo2>
/\ swap = defaultInitValue
/\ array = <<1, 2, 3, 5, 4, 2>>
/\ position = 2
/\ c = 3
/\ d = 7
/\ pc = "l4"

@!@!@ENDMSG 2217 @!@!@
@!@!@STARTMSG 2217:4 @!@!@
45: <l4 line 97, col 7 to line 100, col 42 of module exo2>
/\ swap = defaultInitValue
/\ array = <<1, 2, 3, 5, 4, 2>>
/\ position = 3
/\ c = 3
/\ d = 7
/\ pc = "l5"

@!@!@ENDMSG 2217 @!@!@
@!@!@STARTMSG 2217:4 @!@!@
46: <l5 line 102, col 7 to line 105, col 49 of module exo2>
/\ swap = defaultInitValue
/\ array = <<1, 2, 3, 5, 4, 2>>
/\ position = 3
/\ c = 3
/\ d = 4
/\ pc = "l6"

@!@!@ENDMSG 2217 @!@!@
@!@!@STARTMSG 2217:4 @!@!@
47: <l6 line 107, col 7 to line 111, col 52 of module exo2>
/\ swap = defaultInitValue
/\ array = <<1, 2, 3, 5, 4, 2>>
/\ position = 3
/\ c = 3
/\ d = 4
/\ pc = "l7"

@!@!@ENDMSG 2217 @!@!@
@!@!@STARTMSG 2217:4 @!@!@
48: <l7 line 113, col 7 to line 117, col 52 of module exo2>
/\ swap = defaultInitValue
/\ array = <<1, 2, 3, 5, 4, 2>>
/\ position = 3
/\ c = 3
/\ d = 4
/\ pc = "l6inc"

@!@!@ENDMSG 2217 @!@!@
@!@!@STARTMSG 2217:4 @!@!@
49: <l6inc line 124, col 10 to line 127, col 52 of module exo2>
/\ swap = defaultInitValue
/\ array = <<1, 2, 3, 5, 4, 2>>
/\ position = 3
/\ c = 3
/\ d = 5
/\ pc = "l6"

@!@!@ENDMSG 2217 @!@!@
@!@!@STARTMSG 2217:4 @!@!@
50: <l6 line 107, col 7 to line 111, col 52 of module exo2>
/\ swap = defaultInitValue
/\ array = <<1, 2, 3, 5, 4, 2>>
/\ position = 3
/\ c = 3
/\ d = 5
/\ pc = "l7"

@!@!@ENDMSG 2217 @!@!@
@!@!@STARTMSG 2217:4 @!@!@
51: <l7 line 113, col 7 to line 117, col 52 of module exo2>
/\ swap = defaultInitValue
/\ array = <<1, 2, 3, 5, 4, 2>>
/\ position = 3
/\ c = 3
/\ d = 5
/\ pc = "l6inc"

@!@!@ENDMSG 2217 @!@!@
@!@!@STARTMSG 2217:4 @!@!@
52: <l6inc line 124, col 10 to line 127, col 52 of module exo2>
/\ swap = defaultInitValue
/\ array = <<1, 2, 3, 5, 4, 2>>
/\ position = 3
/\ c = 3
/\ d = 6
/\ pc = "l6"

@!@!@ENDMSG 2217 @!@!@
@!@!@STARTMSG 2217:4 @!@!@
53: <l6 line 107, col 7 to line 111, col 52 of module exo2>
/\ swap = defaultInitValue
/\ array = <<1, 2, 3, 5, 4, 2>>
/\ position = 3
/\ c = 3
/\ d = 6
/\ pc = "l7"

@!@!@ENDMSG 2217 @!@!@
@!@!@STARTMSG 2217:4 @!@!@
54: <l7 line 113, col 7 to line 117, col 52 of module exo2>
/\ swap = defaultInitValue
/\ array = <<1, 2, 3, 5, 4, 2>>
/\ position = 3
/\ c = 3
/\ d = 6
/\ pc = "l8"

@!@!@ENDMSG 2217 @!@!@
@!@!@STARTMSG 2217:4 @!@!@
55: <l8 line 119, col 7 to line 122, col 42 of module exo2>
/\ swap = defaultInitValue
/\ array = <<1, 2, 3, 5, 4, 2>>
/\ position = 6
/\ c = 3
/\ d = 6
/\ pc = "l6inc"

@!@!@ENDMSG 2217 @!@!@
@!@!@STARTMSG 2217:4 @!@!@
56: <l6inc line 124, col 10 to line 127, col 52 of module exo2>
/\ swap = defaultInitValue
/\ array = <<1, 2, 3, 5, 4, 2>>
/\ position = 6
/\ c = 3
/\ d = 7
/\ pc = "l6"

@!@!@ENDMSG 2217 @!@!@
@!@!@STARTMSG 2217:4 @!@!@
57: <l6 line 107, col 7 to line 111, col 52 of module exo2>
/\ swap = defaultInitValue
/\ array = <<1, 2, 3, 5, 4, 2>>
/\ position = 6
/\ c = 3
/\ d = 7
/\ pc = "l9"

@!@!@ENDMSG 2217 @!@!@
@!@!@STARTMSG 2217:4 @!@!@
58: <l9 line 129, col 7 to line 133, col 52 of module exo2>
/\ swap = defaultInitValue
/\ array = <<1, 2, 3, 5, 4, 2>>
/\ position = 6
/\ c = 3
/\ d = 7
/\ pc = "l10"

@!@!@ENDMSG 2217 @!@!@
@!@!@STARTMSG 2217:4 @!@!@
59: <l10 line 135, col 8 to line 138, col 47 of module exo2>
/\ swap = 3
/\ array = <<1, 2, 3, 5, 4, 2>>
/\ position = 6
/\ c = 3
/\ d = 7
/\ pc = "l11"

@!@!@ENDMSG 2217 @!@!@
@!@!@STARTMSG 2217:4 @!@!@
60: <l11 line 140, col 8 to line 143, col 46 of module exo2>
/\ swap = 3
/\ array = <<1, 2, 2, 5, 4, 2>>
/\ position = 6
/\ c = 3
/\ d = 7
/\ pc = "l12"

@!@!@ENDMSG 2217 @!@!@
@!@!@STARTMSG 2217:4 @!@!@
61: <l12 line 145, col 8 to line 148, col 46 of module exo2>
/\ swap = 3
/\ array = <<1, 2, 2, 5, 4, 3>>
/\ position = 6
/\ c = 3
/\ d = 7
/\ pc = "l3inc"

@!@!@ENDMSG 2217 @!@!@
@!@!@STARTMSG 2217:4 @!@!@
62: <l3inc line 150, col 10 to line 153, col 52 of module exo2>
/\ swap = 3
/\ array = <<1, 2, 2, 5, 4, 3>>
/\ position = 6
/\ c = 4
/\ d = 7
/\ pc = "l3"

@!@!@ENDMSG 2217 @!@!@
@!@!@STARTMSG 2217:4 @!@!@
63: <l3 line 91, col 7 to line 95, col 52 of module exo2>
/\ swap = 3
/\ array = <<1, 2, 2, 5, 4, 3>>
/\ position = 6
/\ c = 4
/\ d = 7
/\ pc = "l4"

@!@!@ENDMSG 2217 @!@!@
@!@!@STARTMSG 2217:4 @!@!@
64: <l4 line 97, col 7 to line 100, col 42 of module exo2>
/\ swap = 3
/\ array = <<1, 2, 2, 5, 4, 3>>
/\ position = 4
/\ c = 4
/\ d = 7
/\ pc = "l5"

@!@!@ENDMSG 2217 @!@!@
@!@!@STARTMSG 2217:4 @!@!@
65: <l5 line 102, col 7 to line 105, col 49 of module exo2>
/\ swap = 3
/\ array = <<1, 2, 2, 5, 4, 3>>
/\ position = 4
/\ c = 4
/\ d = 5
/\ pc = "l6"

@!@!@ENDMSG 2217 @!@!@
@!@!@STARTMSG 2217:4 @!@!@
66: <l6 line 107, col 7 to line 111, col 52 of module exo2>
/\ swap = 3
/\ array = <<1, 2, 2, 5, 4, 3>>
/\ position = 4
/\ c = 4
/\ d = 5
/\ pc = "l7"

@!@!@ENDMSG 2217 @!@!@
@!@!@STARTMSG 2217:4 @!@!@
67: <l7 line 113, col 7 to line 117, col 52 of module exo2>
/\ swap = 3
/\ array = <<1, 2, 2, 5, 4, 3>>
/\ position = 4
/\ c = 4
/\ d = 5
/\ pc = "l8"

@!@!@ENDMSG 2217 @!@!@
@!@!@STARTMSG 2217:4 @!@!@
68: <l8 line 119, col 7 to line 122, col 42 of module exo2>
/\ swap = 3
/\ array = <<1, 2, 2, 5, 4, 3>>
/\ position = 5
/\ c = 4
/\ d = 5
/\ pc = "l6inc"

@!@!@ENDMSG 2217 @!@!@
@!@!@STARTMSG 2217:4 @!@!@
69: <l6inc line 124, col 10 to line 127, col 52 of module exo2>
/\ swap = 3
/\ array = <<1, 2, 2, 5, 4, 3>>
/\ position = 5
/\ c = 4
/\ d = 6
/\ pc = "l6"

@!@!@ENDMSG 2217 @!@!@
@!@!@STARTMSG 2217:4 @!@!@
70: <l6 line 107, col 7 to line 111, col 52 of module exo2>
/\ swap = 3
/\ array = <<1, 2, 2, 5, 4, 3>>
/\ position = 5
/\ c = 4
/\ d = 6
/\ pc = "l7"

@!@!@ENDMSG 2217 @!@!@
@!@!@STARTMSG 2217:4 @!@!@
71: <l7 line 113, col 7 to line 117, col 52 of module exo2>
/\ swap = 3
/\ array = <<1, 2, 2, 5, 4, 3>>
/\ position = 5
/\ c = 4
/\ d = 6
/\ pc = "l8"

@!@!@ENDMSG 2217 @!@!@
@!@!@STARTMSG 2217:4 @!@!@
72: <l8 line 119, col 7 to line 122, col 42 of module exo2>
/\ swap = 3
/\ array = <<1, 2, 2, 5, 4, 3>>
/\ position = 6
/\ c = 4
/\ d = 6
/\ pc = "l6inc"

@!@!@ENDMSG 2217 @!@!@
@!@!@STARTMSG 2217:4 @!@!@
73: <l6inc line 124, col 10 to line 127, col 52 of module exo2>
/\ swap = 3
/\ array = <<1, 2, 2, 5, 4, 3>>
/\ position = 6
/\ c = 4
/\ d = 7
/\ pc = "l6"

@!@!@ENDMSG 2217 @!@!@
@!@!@STARTMSG 2217:4 @!@!@
74: <l6 line 107, col 7 to line 111, col 52 of module exo2>
/\ swap = 3
/\ array = <<1, 2, 2, 5, 4, 3>>
/\ position = 6
/\ c = 4
/\ d = 7
/\ pc = "l9"

@!@!@ENDMSG 2217 @!@!@
@!@!@STARTMSG 2217:4 @!@!@
75: <l9 line 129, col 7 to line 133, col 52 of module exo2>
/\ swap = 3
/\ array = <<1, 2, 2, 5, 4, 3>>
/\ position = 6
/\ c = 4
/\ d = 7
/\ pc = "l10"

@!@!@ENDMSG 2217 @!@!@
@!@!@STARTMSG 2217:4 @!@!@
76: <l10 line 135, col 8 to line 138, col 47 of module exo2>
/\ swap = 5
/\ array = <<1, 2, 2, 5, 4, 3>>
/\ position = 6
/\ c = 4
/\ d = 7
/\ pc = "l11"

@!@!@ENDMSG 2217 @!@!@
@!@!@STARTMSG 2217:4 @!@!@
77: <l11 line 140, col 8 to line 143, col 46 of module exo2>
/\ swap = 5
/\ array = <<1, 2, 2, 3, 4, 3>>
/\ position = 6
/\ c = 4
/\ d = 7
/\ pc = "l12"

@!@!@ENDMSG 2217 @!@!@
@!@!@STARTMSG 2217:4 @!@!@
78: <l12 line 145, col 8 to line 148, col 46 of module exo2>
/\ swap = 5
/\ array = <<1, 2, 2, 3, 4, 5>>
/\ position = 6
/\ c = 4
/\ d = 7
/\ pc = "l3inc"

@!@!@ENDMSG 2217 @!@!@
@!@!@STARTMSG 2217:4 @!@!@
79: <l3inc line 150, col 10 to line 153, col 52 of module exo2>
/\ swap = 5
/\ array = <<1, 2, 2, 3, 4, 5>>
/\ position = 6
/\ c = 5
/\ d = 7
/\ pc = "l3"

@!@!@ENDMSG 2217 @!@!@
@!@!@STARTMSG 2217:4 @!@!@
80: <l3 line 91, col 7 to line 95, col 52 of module exo2>
/\ swap = 5
/\ array = <<1, 2, 2, 3, 4, 5>>
/\ position = 6
/\ c = 5
/\ d = 7
/\ pc = "l4"

@!@!@ENDMSG 2217 @!@!@
@!@!@STARTMSG 2217:4 @!@!@
81: <l4 line 97, col 7 to line 100, col 42 of module exo2>
/\ swap = 5
/\ array = <<1, 2, 2, 3, 4, 5>>
/\ position = 5
/\ c = 5
/\ d = 7
/\ pc = "l5"

@!@!@ENDMSG 2217 @!@!@
@!@!@STARTMSG 2217:4 @!@!@
82: <l5 line 102, col 7 to line 105, col 49 of module exo2>
/\ swap = 5
/\ array = <<1, 2, 2, 3, 4, 5>>
/\ position = 5
/\ c = 5
/\ d = 6
/\ pc = "l6"

@!@!@ENDMSG 2217 @!@!@
@!@!@STARTMSG 2217:4 @!@!@
83: <l6 line 107, col 7 to line 111, col 52 of module exo2>
/\ swap = 5
/\ array = <<1, 2, 2, 3, 4, 5>>
/\ position = 5
/\ c = 5
/\ d = 6
/\ pc = "l7"

@!@!@ENDMSG 2217 @!@!@
@!@!@STARTMSG 2217:4 @!@!@
84: <l7 line 113, col 7 to line 117, col 52 of module exo2>
/\ swap = 5
/\ array = <<1, 2, 2, 3, 4, 5>>
/\ position = 5
/\ c = 5
/\ d = 6
/\ pc = "l6inc"

@!@!@ENDMSG 2217 @!@!@
@!@!@STARTMSG 2217:4 @!@!@
85: <l6inc line 124, col 10 to line 127, col 52 of module exo2>
/\ swap = 5
/\ array = <<1, 2, 2, 3, 4, 5>>
/\ position = 5
/\ c = 5
/\ d = 7
/\ pc = "l6"

@!@!@ENDMSG 2217 @!@!@
@!@!@STARTMSG 2217:4 @!@!@
86: <l6 line 107, col 7 to line 111, col 52 of module exo2>
/\ swap = 5
/\ array = <<1, 2, 2, 3, 4, 5>>
/\ position = 5
/\ c = 5
/\ d = 7
/\ pc = "l9"

@!@!@ENDMSG 2217 @!@!@
@!@!@STARTMSG 2217:4 @!@!@
87: <l9 line 129, col 7 to line 133, col 52 of module exo2>
/\ swap = 5
/\ array = <<1, 2, 2, 3, 4, 5>>
/\ position = 5
/\ c = 5
/\ d = 7
/\ pc = "l3inc"

@!@!@ENDMSG 2217 @!@!@
@!@!@STARTMSG 2217:4 @!@!@
88: <l3inc line 150, col 10 to line 153, col 52 of module exo2>
/\ swap = 5
/\ array = <<1, 2, 2, 3, 4, 5>>
/\ position = 5
/\ c = 6
/\ d = 7
/\ pc = "l3"

@!@!@ENDMSG 2217 @!@!@
@!@!@STARTMSG 2217:4 @!@!@
89: <l3 line 91, col 7 to line 95, col 52 of module exo2>
/\ swap = 5
/\ array = <<1, 2, 2, 3, 4, 5>>
/\ position = 5
/\ c = 6
/\ d = 7
/\ pc = "Done"

@!@!@ENDMSG 2217 @!@!@
@!@!@STARTMSG 2218:4 @!@!@
90: Stuttering
@!@!@ENDMSG 2218 @!@!@
@!@!@STARTMSG 2267:0 @!@!@
Finished checking temporal properties in 00s at 2020-05-06 12:24:53
@!@!@ENDMSG 2267 @!@!@
@!@!@STARTMSG 2201:0 @!@!@
The coverage statistics at 2020-05-06 12:24:53
@!@!@ENDMSG 2201 @!@!@
@!@!@STARTMSG 2773:0 @!@!@
<Init line 68, col 1 to line 68, col 4 of module exo2>: 2:2
@!@!@ENDMSG 2773 @!@!@
@!@!@STARTMSG 2221:0 @!@!@
  line 69, col 9 to line 74, col 20 of module exo2: 2
@!@!@ENDMSG 2221 @!@!@
@!@!@STARTMSG 2772:0 @!@!@
<l1 line 76, col 1 to line 76, col 2 of module exo2>: 1:2
@!@!@ENDMSG 2772 @!@!@
@!@!@STARTMSG 2221:0 @!@!@
  line 76, col 10 to line 76, col 18 of module exo2: 196
@!@!@ENDMSG 2221 @!@!@
@!@!@STARTMSG 2221:0 @!@!@
  |line 76, col 10 to line 76, col 11 of module exo2: 194
@!@!@ENDMSG 2221 @!@!@
@!@!@STARTMSG 2221:0 @!@!@
  line 77, col 10 to line 77, col 15 of module exo2: 2
@!@!@ENDMSG 2221 @!@!@
@!@!@STARTMSG 2221:0 @!@!@
  line 78, col 10 to line 78, col 19 of module exo2: 2
@!@!@ENDMSG 2221 @!@!@
@!@!@STARTMSG 2221:0 @!@!@
  line 79, col 10 to line 79, col 49 of module exo2: 2
@!@!@ENDMSG 2221 @!@!@
@!@!@STARTMSG 2772:0 @!@!@
<l2 line 81, col 1 to line 81, col 2 of module exo2>: 1:2
@!@!@ENDMSG 2772 @!@!@
@!@!@STARTMSG 2221:0 @!@!@
  line 81, col 10 to line 81, col 18 of module exo2: 195
@!@!@ENDMSG 2221 @!@!@
@!@!@STARTMSG 2221:0 @!@!@
  |line 81, col 10 to line 81, col 11 of module exo2: 193
@!@!@ENDMSG 2221 @!@!@
@!@!@STARTMSG 2221:0 @!@!@
  line 82, col 10 to line 82, col 18 of module exo2: 2
@!@!@ENDMSG 2221 @!@!@
@!@!@STARTMSG 2221:0 @!@!@
  line 83, col 10 to line 83, col 20 of module exo2: 2
@!@!@ENDMSG 2221 @!@!@
@!@!@STARTMSG 2221:0 @!@!@
  line 84, col 10 to line 84, col 52 of module exo2: 2
@!@!@ENDMSG 2221 @!@!@
@!@!@STARTMSG 2772:0 @!@!@
<l55 line 86, col 1 to line 86, col 3 of module exo2>: 1:2
@!@!@ENDMSG 2772 @!@!@
@!@!@STARTMSG 2221:0 @!@!@
  line 86, col 11 to line 86, col 20 of module exo2: 194
@!@!@ENDMSG 2221 @!@!@
@!@!@STARTMSG 2221:0 @!@!@
  |line 86, col 11 to line 86, col 12 of module exo2: 192
@!@!@ENDMSG 2221 @!@!@
@!@!@STARTMSG 2221:0 @!@!@
  line 87, col 11 to line 87, col 26 of module exo2: 2
@!@!@ENDMSG 2221 @!@!@
@!@!@STARTMSG 2221:0 @!@!@
  line 88, col 11 to line 88, col 20 of module exo2: 2
@!@!@ENDMSG 2221 @!@!@
@!@!@STARTMSG 2221:0 @!@!@
  line 89, col 11 to line 89, col 46 of module exo2: 2
@!@!@ENDMSG 2221 @!@!@
@!@!@STARTMSG 2772:0 @!@!@
<l3 line 91, col 1 to line 91, col 2 of module exo2>: 6:14
@!@!@ENDMSG 2772 @!@!@
@!@!@STARTMSG 2221:0 @!@!@
  line 91, col 10 to line 91, col 18 of module exo2: 205
@!@!@ENDMSG 2221 @!@!@
@!@!@STARTMSG 2221:0 @!@!@
  |line 91, col 10 to line 91, col 11 of module exo2: 191
@!@!@ENDMSG 2221 @!@!@
@!@!@STARTMSG 2221:0 @!@!@
  line 92, col 13 to line 92, col 24 of module exo2: 14
@!@!@ENDMSG 2221 @!@!@
@!@!@STARTMSG 2221:0 @!@!@
  line 93, col 18 to line 93, col 30 of module exo2: 12
@!@!@ENDMSG 2221 @!@!@
@!@!@STARTMSG 2221:0 @!@!@
  line 94, col 18 to line 94, col 32 of module exo2: 2
@!@!@ENDMSG 2221 @!@!@
@!@!@STARTMSG 2221:0 @!@!@
  line 95, col 10 to line 95, col 52 of module exo2: 14
@!@!@ENDMSG 2221 @!@!@
@!@!@STARTMSG 2772:0 @!@!@
<l4 line 97, col 1 to line 97, col 2 of module exo2>: 5:12
@!@!@ENDMSG 2772 @!@!@
@!@!@STARTMSG 2221:0 @!@!@
  line 97, col 10 to line 97, col 18 of module exo2: 197
@!@!@ENDMSG 2221 @!@!@
@!@!@STARTMSG 2221:0 @!@!@
  |line 97, col 10 to line 97, col 11 of module exo2: 185
@!@!@ENDMSG 2221 @!@!@
@!@!@STARTMSG 2221:0 @!@!@
  line 98, col 10 to line 98, col 22 of module exo2: 12
@!@!@ENDMSG 2221 @!@!@
@!@!@STARTMSG 2221:0 @!@!@
  line 99, col 10 to line 99, col 19 of module exo2: 12
@!@!@ENDMSG 2221 @!@!@
@!@!@STARTMSG 2221:0 @!@!@
  line 100, col 10 to line 100, col 42 of module exo2: 12
@!@!@ENDMSG 2221 @!@!@
@!@!@STARTMSG 2772:0 @!@!@
<l5 line 102, col 1 to line 102, col 2 of module exo2>: 5:11
@!@!@ENDMSG 2772 @!@!@
@!@!@STARTMSG 2221:0 @!@!@
  line 102, col 10 to line 102, col 18 of module exo2: 191
@!@!@ENDMSG 2221 @!@!@
@!@!@STARTMSG 2221:0 @!@!@
  |line 102, col 10 to line 102, col 11 of module exo2: 180
@!@!@ENDMSG 2221 @!@!@
@!@!@STARTMSG 2221:0 @!@!@
  line 103, col 10 to line 103, col 17 of module exo2: 11
@!@!@ENDMSG 2221 @!@!@
@!@!@STARTMSG 2221:0 @!@!@
  line 104, col 10 to line 104, col 19 of module exo2: 11
@!@!@ENDMSG 2221 @!@!@
@!@!@STARTMSG 2221:0 @!@!@
  line 105, col 10 to line 105, col 49 of module exo2: 11
@!@!@ENDMSG 2221 @!@!@
@!@!@STARTMSG 2772:0 @!@!@
<l6 line 107, col 1 to line 107, col 2 of module exo2>: 20:42
@!@!@ENDMSG 2772 @!@!@
@!@!@STARTMSG 2221:0 @!@!@
  line 107, col 10 to line 107, col 18 of module exo2: 217
@!@!@ENDMSG 2221 @!@!@
@!@!@STARTMSG 2221:0 @!@!@
  |line 107, col 10 to line 107, col 11 of module exo2: 175
@!@!@ENDMSG 2221 @!@!@
@!@!@STARTMSG 2221:0 @!@!@
  line 108, col 13 to line 108, col 26 of module exo2: 42
@!@!@ENDMSG 2221 @!@!@
@!@!@STARTMSG 2221:0 @!@!@
  line 109, col 18 to line 109, col 30 of module exo2: 32
@!@!@ENDMSG 2221 @!@!@
@!@!@STARTMSG 2221:0 @!@!@
  line 110, col 18 to line 110, col 30 of module exo2: 10
@!@!@ENDMSG 2221 @!@!@
@!@!@STARTMSG 2221:0 @!@!@
  line 111, col 10 to line 111, col 52 of module exo2: 42
@!@!@ENDMSG 2221 @!@!@
@!@!@STARTMSG 2772:0 @!@!@
<l7 line 113, col 1 to line 113, col 2 of module exo2>: 15:36
@!@!@ENDMSG 2772 @!@!@
@!@!@STARTMSG 2221:0 @!@!@
  line 113, col 10 to line 113, col 18 of module exo2: 191
@!@!@ENDMSG 2221 @!@!@
@!@!@STARTMSG 2221:0 @!@!@
  |line 113, col 10 to line 113, col 11 of module exo2: 155
@!@!@ENDMSG 2221 @!@!@
@!@!@STARTMSG 2221:0 @!@!@
  line 114, col 13 to line 114, col 37 of module exo2: 36
@!@!@ENDMSG 2221 @!@!@
@!@!@STARTMSG 2221:0 @!@!@
  line 115, col 18 to line 115, col 30 of module exo2: 8
@!@!@ENDMSG 2221 @!@!@
@!@!@STARTMSG 2221:0 @!@!@
  line 116, col 18 to line 116, col 33 of module exo2: 28
@!@!@ENDMSG 2221 @!@!@
@!@!@STARTMSG 2221:0 @!@!@
  line 117, col 10 to line 117, col 52 of module exo2: 36
@!@!@ENDMSG 2221 @!@!@
@!@!@STARTMSG 2772:0 @!@!@
<l8 line 119, col 1 to line 119, col 2 of module exo2>: 3:6
@!@!@ENDMSG 2772 @!@!@
@!@!@STARTMSG 2221:0 @!@!@
  line 119, col 10 to line 119, col 18 of module exo2: 146
@!@!@ENDMSG 2221 @!@!@
@!@!@STARTMSG 2221:0 @!@!@
  |line 119, col 10 to line 119, col 11 of module exo2: 140
@!@!@ENDMSG 2221 @!@!@
@!@!@STARTMSG 2221:0 @!@!@
  line 120, col 10 to line 120, col 22 of module exo2: 6
@!@!@ENDMSG 2221 @!@!@
@!@!@STARTMSG 2221:0 @!@!@
  line 121, col 10 to line 121, col 22 of module exo2: 6
@!@!@ENDMSG 2221 @!@!@
@!@!@STARTMSG 2221:0 @!@!@
  line 122, col 10 to line 122, col 42 of module exo2: 6
@!@!@ENDMSG 2221 @!@!@
@!@!@STARTMSG 2772:0 @!@!@
<l6inc line 124, col 1 to line 124, col 5 of module exo2>: 15:33
@!@!@ENDMSG 2772 @!@!@
@!@!@STARTMSG 2221:0 @!@!@
  line 124, col 13 to line 124, col 24 of module exo2: 170
@!@!@ENDMSG 2221 @!@!@
@!@!@STARTMSG 2221:0 @!@!@
  |line 124, col 13 to line 124, col 14 of module exo2: 137
@!@!@ENDMSG 2221 @!@!@
@!@!@STARTMSG 2221:0 @!@!@
  line 125, col 13 to line 125, col 20 of module exo2: 33
@!@!@ENDMSG 2221 @!@!@
@!@!@STARTMSG 2221:0 @!@!@
  line 126, col 13 to line 126, col 22 of module exo2: 33
@!@!@ENDMSG 2221 @!@!@
@!@!@STARTMSG 2221:0 @!@!@
  line 127, col 13 to line 127, col 52 of module exo2: 33
@!@!@ENDMSG 2221 @!@!@
@!@!@STARTMSG 2772:0 @!@!@
<l9 line 129, col 1 to line 129, col 2 of module exo2>: 5:10
@!@!@ENDMSG 2772 @!@!@
@!@!@STARTMSG 2221:0 @!@!@
  line 129, col 10 to line 129, col 18 of module exo2: 132
@!@!@ENDMSG 2221 @!@!@
@!@!@STARTMSG 2221:0 @!@!@
  |line 129, col 10 to line 129, col 11 of module exo2: 122
@!@!@ENDMSG 2221 @!@!@
@!@!@STARTMSG 2221:0 @!@!@
  line 130, col 13 to line 130, col 25 of module exo2: 10
@!@!@ENDMSG 2221 @!@!@
@!@!@STARTMSG 2221:0 @!@!@
  line 131, col 18 to line 131, col 31 of module exo2: 4
@!@!@ENDMSG 2221 @!@!@
@!@!@STARTMSG 2221:0 @!@!@
  line 132, col 18 to line 132, col 33 of module exo2: 6
@!@!@ENDMSG 2221 @!@!@
@!@!@STARTMSG 2221:0 @!@!@
  line 133, col 10 to line 133, col 52 of module exo2: 10
@!@!@ENDMSG 2221 @!@!@
@!@!@STARTMSG 2772:0 @!@!@
<l10 line 135, col 1 to line 135, col 3 of module exo2>: 2:4
@!@!@ENDMSG 2772 @!@!@
@!@!@STARTMSG 2221:0 @!@!@
  line 135, col 11 to line 135, col 20 of module exo2: 121
@!@!@ENDMSG 2221 @!@!@
@!@!@STARTMSG 2221:0 @!@!@
  |line 135, col 11 to line 135, col 12 of module exo2: 117
@!@!@ENDMSG 2221 @!@!@
@!@!@STARTMSG 2221:0 @!@!@
  line 136, col 11 to line 136, col 26 of module exo2: 4
@!@!@ENDMSG 2221 @!@!@
@!@!@STARTMSG 2221:0 @!@!@
  line 137, col 11 to line 137, col 21 of module exo2: 4
@!@!@ENDMSG 2221 @!@!@
@!@!@STARTMSG 2221:0 @!@!@
  line 138, col 11 to line 138, col 47 of module exo2: 4
@!@!@ENDMSG 2221 @!@!@
@!@!@STARTMSG 2772:0 @!@!@
<l11 line 140, col 1 to line 140, col 3 of module exo2>: 2:4
@!@!@ENDMSG 2772 @!@!@
@!@!@STARTMSG 2221:0 @!@!@
  line 140, col 11 to line 140, col 20 of module exo2: 119
@!@!@ENDMSG 2221 @!@!@
@!@!@STARTMSG 2221:0 @!@!@
  |line 140, col 11 to line 140, col 12 of module exo2: 115
@!@!@ENDMSG 2221 @!@!@
@!@!@STARTMSG 2221:0 @!@!@
  line 141, col 11 to line 141, col 56 of module exo2: 4
@!@!@ENDMSG 2221 @!@!@
@!@!@STARTMSG 2221:0 @!@!@
  line 142, col 11 to line 142, col 21 of module exo2: 4
@!@!@ENDMSG 2221 @!@!@
@!@!@STARTMSG 2221:0 @!@!@
  line 143, col 11 to line 143, col 46 of module exo2: 4
@!@!@ENDMSG 2221 @!@!@
@!@!@STARTMSG 2772:0 @!@!@
<l12 line 145, col 1 to line 145, col 3 of module exo2>: 2:4
@!@!@ENDMSG 2772 @!@!@
@!@!@STARTMSG 2221:0 @!@!@
  line 145, col 11 to line 145, col 20 of module exo2: 117
@!@!@ENDMSG 2221 @!@!@
@!@!@STARTMSG 2221:0 @!@!@
  |line 145, col 11 to line 145, col 12 of module exo2: 113
@!@!@ENDMSG 2221 @!@!@
@!@!@STARTMSG 2221:0 @!@!@
  line 146, col 11 to line 146, col 52 of module exo2: 4
@!@!@ENDMSG 2221 @!@!@
@!@!@STARTMSG 2221:0 @!@!@
  line 147, col 11 to line 147, col 23 of module exo2: 4
@!@!@ENDMSG 2221 @!@!@
@!@!@STARTMSG 2221:0 @!@!@
  line 148, col 11 to line 148, col 46 of module exo2: 4
@!@!@ENDMSG 2221 @!@!@
@!@!@STARTMSG 2772:0 @!@!@
<l3inc line 150, col 1 to line 150, col 5 of module exo2>: 5:10
@!@!@ENDMSG 2772 @!@!@
@!@!@STARTMSG 2221:0 @!@!@
  line 150, col 13 to line 150, col 24 of module exo2: 121
@!@!@ENDMSG 2221 @!@!@
@!@!@STARTMSG 2221:0 @!@!@
  |line 150, col 13 to line 150, col 14 of module exo2: 111
@!@!@ENDMSG 2221 @!@!@
@!@!@STARTMSG 2221:0 @!@!@
  line 151, col 13 to line 151, col 20 of module exo2: 10
@!@!@ENDMSG 2221 @!@!@
@!@!@STARTMSG 2221:0 @!@!@
  line 152, col 13 to line 152, col 22 of module exo2: 10
@!@!@ENDMSG 2221 @!@!@
@!@!@STARTMSG 2221:0 @!@!@
  line 153, col 13 to line 153, col 52 of module exo2: 10
@!@!@ENDMSG 2221 @!@!@
@!@!@STARTMSG 2772:0 @!@!@
<Terminating line 156, col 1 to line 156, col 11 of module exo2>: 0:2
@!@!@ENDMSG 2772 @!@!@
@!@!@STARTMSG 2221:0 @!@!@
  line 156, col 16 to line 156, col 26 of module exo2: 108
@!@!@ENDMSG 2221 @!@!@
@!@!@STARTMSG 2221:0 @!@!@
  |line 156, col 16 to line 156, col 17 of module exo2: 106
@!@!@ENDMSG 2221 @!@!@
@!@!@STARTMSG 2221:0 @!@!@
  line 156, col 31 to line 156, col 44 of module exo2: 2
@!@!@ENDMSG 2221 @!@!@
@!@!@STARTMSG 2202:0 @!@!@
End of statistics.
@!@!@ENDMSG 2202 @!@!@
@!@!@STARTMSG 2200:0 @!@!@
Progress(89) at 2020-05-06 12:24:53: 90 states generated (2 716 s/min), 89 distinct states found (2 686 ds/min), 0 states left on queue.
@!@!@ENDMSG 2200 @!@!@
@!@!@STARTMSG 2199:0 @!@!@
90 states generated, 89 distinct states found, 0 states left on queue.
@!@!@ENDMSG 2199 @!@!@
@!@!@STARTMSG 2186:0 @!@!@
Finished in 2004ms at (2020-05-06 12:24:53)
@!@!@ENDMSG 2186 @!@!@
