The system is: Darwin - 18.2.0 - x86_64
Compiling the C compiler identification source file "CMakeCCompilerId.c" succeeded.
Compiler: /Library/Developer/CommandLineTools/usr/bin/cc 
Build flags: 
Id flags:  

The output was:
0


Compilation of the C compiler identification source "CMakeCCompilerId.c" produced "a.out"

The C compiler identification is AppleClang, found in "/Users/Quentin/Library/Mobile Documents/com~apple~CloudDocs/Telecom/Cours/S2/C - Shell/TDs/TD1/cmake-build-debug/CMakeFiles/3.13.2/CompilerIdC/a.out"

Determining if the C compiler works passed with the following output:
Change Dir: /Users/Quentin/Library/Mobile Documents/com~apple~CloudDocs/Telecom/Cours/S2/C - Shell/TDs/TD1/cmake-build-debug/CMakeFiles/CMakeTmp

Run Build Command:"/opt/local/bin/gmake" "cmTC_a8f48/fast"
/opt/local/bin/gmake -f CMakeFiles/cmTC_a8f48.dir/build.make CMakeFiles/cmTC_a8f48.dir/build
gmake[1] : on entre dans le répertoire « /Users/Quentin/Library/Mobile Documents/com~apple~CloudDocs/Telecom/Cours/S2/C - Shell/TDs/TD1/cmake-build-debug/CMakeFiles/CMakeTmp »
Building C object CMakeFiles/cmTC_a8f48.dir/testCCompiler.c.o
/Library/Developer/CommandLineTools/usr/bin/cc   -isysroot /Library/Developer/CommandLineTools/SDKs/MacOSX10.14.sdk   -o CMakeFiles/cmTC_a8f48.dir/testCCompiler.c.o   -c "/Users/Quentin/Library/Mobile Documents/com~apple~CloudDocs/Telecom/Cours/S2/C - Shell/TDs/TD1/cmake-build-debug/CMakeFiles/CMakeTmp/testCCompiler.c"
Linking C executable cmTC_a8f48
"/Users/Quentin/Library/Application Support/JetBrains/Toolbox/apps/CLion/ch-0/183.5153.40/CLion.app/Contents/bin/cmake/mac/bin/cmake" -E cmake_link_script CMakeFiles/cmTC_a8f48.dir/link.txt --verbose=1
/Library/Developer/CommandLineTools/usr/bin/cc   -isysroot /Library/Developer/CommandLineTools/SDKs/MacOSX10.14.sdk -Wl,-search_paths_first -Wl,-headerpad_max_install_names   CMakeFiles/cmTC_a8f48.dir/testCCompiler.c.o  -o cmTC_a8f48 
gmake[1] : on quitte le répertoire « /Users/Quentin/Library/Mobile Documents/com~apple~CloudDocs/Telecom/Cours/S2/C - Shell/TDs/TD1/cmake-build-debug/CMakeFiles/CMakeTmp »


Detecting C compiler ABI info compiled with the following output:
Change Dir: /Users/Quentin/Library/Mobile Documents/com~apple~CloudDocs/Telecom/Cours/S2/C - Shell/TDs/TD1/cmake-build-debug/CMakeFiles/CMakeTmp

Run Build Command:"/opt/local/bin/gmake" "cmTC_aaa62/fast"
/opt/local/bin/gmake -f CMakeFiles/cmTC_aaa62.dir/build.make CMakeFiles/cmTC_aaa62.dir/build
gmake[1] : on entre dans le répertoire « /Users/Quentin/Library/Mobile Documents/com~apple~CloudDocs/Telecom/Cours/S2/C - Shell/TDs/TD1/cmake-build-debug/CMakeFiles/CMakeTmp »
Building C object CMakeFiles/cmTC_aaa62.dir/CMakeCCompilerABI.c.o
/Library/Developer/CommandLineTools/usr/bin/cc   -isysroot /Library/Developer/CommandLineTools/SDKs/MacOSX10.14.sdk   -o CMakeFiles/cmTC_aaa62.dir/CMakeCCompilerABI.c.o   -c "/Users/Quentin/Library/Application Support/JetBrains/Toolbox/apps/CLion/ch-0/183.5153.40/CLion.app/Contents/bin/cmake/mac/share/cmake-3.13/Modules/CMakeCCompilerABI.c"
Linking C executable cmTC_aaa62
"/Users/Quentin/Library/Application Support/JetBrains/Toolbox/apps/CLion/ch-0/183.5153.40/CLion.app/Contents/bin/cmake/mac/bin/cmake" -E cmake_link_script CMakeFiles/cmTC_aaa62.dir/link.txt --verbose=1
/Library/Developer/CommandLineTools/usr/bin/cc   -isysroot /Library/Developer/CommandLineTools/SDKs/MacOSX10.14.sdk -Wl,-search_paths_first -Wl,-headerpad_max_install_names  -v -Wl,-v CMakeFiles/cmTC_aaa62.dir/CMakeCCompilerABI.c.o  -o cmTC_aaa62 
Apple LLVM version 10.0.0 (clang-1000.10.44.4)
Target: x86_64-apple-darwin18.2.0
Thread model: posix
InstalledDir: /Library/Developer/CommandLineTools/usr/bin
 "/Library/Developer/CommandLineTools/usr/bin/ld" -demangle -lto_library /Library/Developer/CommandLineTools/usr/lib/libLTO.dylib -dynamic -arch x86_64 -macosx_version_min 10.14.0 -syslibroot /Library/Developer/CommandLineTools/SDKs/MacOSX10.14.sdk -o cmTC_aaa62 -search_paths_first -headerpad_max_install_names -v CMakeFiles/cmTC_aaa62.dir/CMakeCCompilerABI.c.o -lSystem /Library/Developer/CommandLineTools/usr/lib/clang/10.0.0/lib/darwin/libclang_rt.osx.a
@(#)PROGRAM:ld  PROJECT:ld64-409.12
BUILD 17:47:51 Sep 25 2018
configured to support archs: armv6 armv7 armv7s arm64 i386 x86_64 x86_64h armv6m armv7k armv7m armv7em
Library search paths:
	/Library/Developer/CommandLineTools/SDKs/MacOSX10.14.sdk/usr/lib
Framework search paths:
	/Library/Developer/CommandLineTools/SDKs/MacOSX10.14.sdk/System/Library/Frameworks/
gmake[1] : on quitte le répertoire « /Users/Quentin/Library/Mobile Documents/com~apple~CloudDocs/Telecom/Cours/S2/C - Shell/TDs/TD1/cmake-build-debug/CMakeFiles/CMakeTmp »


Parsed C implicit link information from above output:
  link line regex: [^( *|.*[/\])(ld|CMAKE_LINK_STARTFILE-NOTFOUND|([^/\]+-)?ld|collect2)[^/\]*( |$)]
  ignore line: [Change Dir: /Users/Quentin/Library/Mobile Documents/com~apple~CloudDocs/Telecom/Cours/S2/C - Shell/TDs/TD1/cmake-build-debug/CMakeFiles/CMakeTmp]
  ignore line: []
  ignore line: [Run Build Command:"/opt/local/bin/gmake" "cmTC_aaa62/fast"]
  ignore line: [/opt/local/bin/gmake -f CMakeFiles/cmTC_aaa62.dir/build.make CMakeFiles/cmTC_aaa62.dir/build]
  ignore line: [gmake[1] : on entre dans le répertoire « /Users/Quentin/Library/Mobile Documents/com~apple~CloudDocs/Telecom/Cours/S2/C - Shell/TDs/TD1/cmake-build-debug/CMakeFiles/CMakeTmp »]
  ignore line: [Building C object CMakeFiles/cmTC_aaa62.dir/CMakeCCompilerABI.c.o]
  ignore line: [/Library/Developer/CommandLineTools/usr/bin/cc   -isysroot /Library/Developer/CommandLineTools/SDKs/MacOSX10.14.sdk   -o CMakeFiles/cmTC_aaa62.dir/CMakeCCompilerABI.c.o   -c "/Users/Quentin/Library/Application Support/JetBrains/Toolbox/apps/CLion/ch-0/183.5153.40/CLion.app/Contents/bin/cmake/mac/share/cmake-3.13/Modules/CMakeCCompilerABI.c"]
  ignore line: [Linking C executable cmTC_aaa62]
  ignore line: ["/Users/Quentin/Library/Application Support/JetBrains/Toolbox/apps/CLion/ch-0/183.5153.40/CLion.app/Contents/bin/cmake/mac/bin/cmake" -E cmake_link_script CMakeFiles/cmTC_aaa62.dir/link.txt --verbose=1]
  ignore line: [/Library/Developer/CommandLineTools/usr/bin/cc   -isysroot /Library/Developer/CommandLineTools/SDKs/MacOSX10.14.sdk -Wl,-search_paths_first -Wl,-headerpad_max_install_names  -v -Wl,-v CMakeFiles/cmTC_aaa62.dir/CMakeCCompilerABI.c.o  -o cmTC_aaa62 ]
  ignore line: [Apple LLVM version 10.0.0 (clang-1000.10.44.4)]
  ignore line: [Target: x86_64-apple-darwin18.2.0]
  ignore line: [Thread model: posix]
  ignore line: [InstalledDir: /Library/Developer/CommandLineTools/usr/bin]
  link line: [ "/Library/Developer/CommandLineTools/usr/bin/ld" -demangle -lto_library /Library/Developer/CommandLineTools/usr/lib/libLTO.dylib -dynamic -arch x86_64 -macosx_version_min 10.14.0 -syslibroot /Library/Developer/CommandLineTools/SDKs/MacOSX10.14.sdk -o cmTC_aaa62 -search_paths_first -headerpad_max_install_names -v CMakeFiles/cmTC_aaa62.dir/CMakeCCompilerABI.c.o -lSystem /Library/Developer/CommandLineTools/usr/lib/clang/10.0.0/lib/darwin/libclang_rt.osx.a]
    arg [/Library/Developer/CommandLineTools/usr/bin/ld] ==> ignore
    arg [-demangle] ==> ignore
    arg [-lto_library] ==> ignore, skip following value
    arg [/Library/Developer/CommandLineTools/usr/lib/libLTO.dylib] ==> skip value of -lto_library
    arg [-dynamic] ==> ignore
    arg [-arch] ==> ignore
    arg [x86_64] ==> ignore
    arg [-macosx_version_min] ==> ignore
    arg [10.14.0] ==> ignore
    arg [-syslibroot] ==> ignore
    arg [/Library/Developer/CommandLineTools/SDKs/MacOSX10.14.sdk] ==> ignore
    arg [-o] ==> ignore
    arg [cmTC_aaa62] ==> ignore
    arg [-search_paths_first] ==> ignore
    arg [-headerpad_max_install_names] ==> ignore
    arg [-v] ==> ignore
    arg [CMakeFiles/cmTC_aaa62.dir/CMakeCCompilerABI.c.o] ==> ignore
    arg [-lSystem] ==> lib [System]
    arg [/Library/Developer/CommandLineTools/usr/lib/clang/10.0.0/lib/darwin/libclang_rt.osx.a] ==> lib [/Library/Developer/CommandLineTools/usr/lib/clang/10.0.0/lib/darwin/libclang_rt.osx.a]
  Library search paths: [;/Library/Developer/CommandLineTools/SDKs/MacOSX10.14.sdk/usr/lib]
  Framework search paths: [;/Library/Developer/CommandLineTools/SDKs/MacOSX10.14.sdk/System/Library/Frameworks/]
  remove lib [System]
  remove lib [/Library/Developer/CommandLineTools/usr/lib/clang/10.0.0/lib/darwin/libclang_rt.osx.a]
  collapse library dir [/Library/Developer/CommandLineTools/SDKs/MacOSX10.14.sdk/usr/lib] ==> [/Library/Developer/CommandLineTools/SDKs/MacOSX10.14.sdk/usr/lib]
  collapse framework dir [/Library/Developer/CommandLineTools/SDKs/MacOSX10.14.sdk/System/Library/Frameworks/] ==> [/Library/Developer/CommandLineTools/SDKs/MacOSX10.14.sdk/System/Library/Frameworks]
  implicit libs: []
  implicit dirs: [/Library/Developer/CommandLineTools/SDKs/MacOSX10.14.sdk/usr/lib]
  implicit fwks: [/Library/Developer/CommandLineTools/SDKs/MacOSX10.14.sdk/System/Library/Frameworks]




Detecting C [-std=c11] compiler features compiled with the following output:
Change Dir: /Users/Quentin/Library/Mobile Documents/com~apple~CloudDocs/Telecom/Cours/S2/C - Shell/TDs/TD1/cmake-build-debug/CMakeFiles/CMakeTmp

Run Build Command:"/opt/local/bin/gmake" "cmTC_c6692/fast"
/opt/local/bin/gmake -f CMakeFiles/cmTC_c6692.dir/build.make CMakeFiles/cmTC_c6692.dir/build
gmake[1] : on entre dans le répertoire « /Users/Quentin/Library/Mobile Documents/com~apple~CloudDocs/Telecom/Cours/S2/C - Shell/TDs/TD1/cmake-build-debug/CMakeFiles/CMakeTmp »
Building C object CMakeFiles/cmTC_c6692.dir/feature_tests.c.o
/Library/Developer/CommandLineTools/usr/bin/cc   -isysroot /Library/Developer/CommandLineTools/SDKs/MacOSX10.14.sdk   -std=c11 -o CMakeFiles/cmTC_c6692.dir/feature_tests.c.o   -c "/Users/Quentin/Library/Mobile Documents/com~apple~CloudDocs/Telecom/Cours/S2/C - Shell/TDs/TD1/cmake-build-debug/CMakeFiles/feature_tests.c"
Linking C executable cmTC_c6692
"/Users/Quentin/Library/Application Support/JetBrains/Toolbox/apps/CLion/ch-0/183.5153.40/CLion.app/Contents/bin/cmake/mac/bin/cmake" -E cmake_link_script CMakeFiles/cmTC_c6692.dir/link.txt --verbose=1
/Library/Developer/CommandLineTools/usr/bin/cc   -isysroot /Library/Developer/CommandLineTools/SDKs/MacOSX10.14.sdk -Wl,-search_paths_first -Wl,-headerpad_max_install_names   CMakeFiles/cmTC_c6692.dir/feature_tests.c.o  -o cmTC_c6692 
gmake[1] : on quitte le répertoire « /Users/Quentin/Library/Mobile Documents/com~apple~CloudDocs/Telecom/Cours/S2/C - Shell/TDs/TD1/cmake-build-debug/CMakeFiles/CMakeTmp »


    Feature record: C_FEATURE:1c_function_prototypes
    Feature record: C_FEATURE:1c_restrict
    Feature record: C_FEATURE:1c_static_assert
    Feature record: C_FEATURE:1c_variadic_macros


Detecting C [-std=c99] compiler features compiled with the following output:
Change Dir: /Users/Quentin/Library/Mobile Documents/com~apple~CloudDocs/Telecom/Cours/S2/C - Shell/TDs/TD1/cmake-build-debug/CMakeFiles/CMakeTmp

Run Build Command:"/opt/local/bin/gmake" "cmTC_1cb60/fast"
/opt/local/bin/gmake -f CMakeFiles/cmTC_1cb60.dir/build.make CMakeFiles/cmTC_1cb60.dir/build
gmake[1] : on entre dans le répertoire « /Users/Quentin/Library/Mobile Documents/com~apple~CloudDocs/Telecom/Cours/S2/C - Shell/TDs/TD1/cmake-build-debug/CMakeFiles/CMakeTmp »
Building C object CMakeFiles/cmTC_1cb60.dir/feature_tests.c.o
/Library/Developer/CommandLineTools/usr/bin/cc   -isysroot /Library/Developer/CommandLineTools/SDKs/MacOSX10.14.sdk   -std=c99 -o CMakeFiles/cmTC_1cb60.dir/feature_tests.c.o   -c "/Users/Quentin/Library/Mobile Documents/com~apple~CloudDocs/Telecom/Cours/S2/C - Shell/TDs/TD1/cmake-build-debug/CMakeFiles/feature_tests.c"
Linking C executable cmTC_1cb60
"/Users/Quentin/Library/Application Support/JetBrains/Toolbox/apps/CLion/ch-0/183.5153.40/CLion.app/Contents/bin/cmake/mac/bin/cmake" -E cmake_link_script CMakeFiles/cmTC_1cb60.dir/link.txt --verbose=1
/Library/Developer/CommandLineTools/usr/bin/cc   -isysroot /Library/Developer/CommandLineTools/SDKs/MacOSX10.14.sdk -Wl,-search_paths_first -Wl,-headerpad_max_install_names   CMakeFiles/cmTC_1cb60.dir/feature_tests.c.o  -o cmTC_1cb60 
gmake[1] : on quitte le répertoire « /Users/Quentin/Library/Mobile Documents/com~apple~CloudDocs/Telecom/Cours/S2/C - Shell/TDs/TD1/cmake-build-debug/CMakeFiles/CMakeTmp »


    Feature record: C_FEATURE:1c_function_prototypes
    Feature record: C_FEATURE:1c_restrict
    Feature record: C_FEATURE:0c_static_assert
    Feature record: C_FEATURE:1c_variadic_macros


Detecting C [-std=c90] compiler features compiled with the following output:
Change Dir: /Users/Quentin/Library/Mobile Documents/com~apple~CloudDocs/Telecom/Cours/S2/C - Shell/TDs/TD1/cmake-build-debug/CMakeFiles/CMakeTmp

Run Build Command:"/opt/local/bin/gmake" "cmTC_76790/fast"
/opt/local/bin/gmake -f CMakeFiles/cmTC_76790.dir/build.make CMakeFiles/cmTC_76790.dir/build
gmake[1] : on entre dans le répertoire « /Users/Quentin/Library/Mobile Documents/com~apple~CloudDocs/Telecom/Cours/S2/C - Shell/TDs/TD1/cmake-build-debug/CMakeFiles/CMakeTmp »
Building C object CMakeFiles/cmTC_76790.dir/feature_tests.c.o
/Library/Developer/CommandLineTools/usr/bin/cc   -isysroot /Library/Developer/CommandLineTools/SDKs/MacOSX10.14.sdk   -std=c90 -o CMakeFiles/cmTC_76790.dir/feature_tests.c.o   -c "/Users/Quentin/Library/Mobile Documents/com~apple~CloudDocs/Telecom/Cours/S2/C - Shell/TDs/TD1/cmake-build-debug/CMakeFiles/feature_tests.c"
Linking C executable cmTC_76790
"/Users/Quentin/Library/Application Support/JetBrains/Toolbox/apps/CLion/ch-0/183.5153.40/CLion.app/Contents/bin/cmake/mac/bin/cmake" -E cmake_link_script CMakeFiles/cmTC_76790.dir/link.txt --verbose=1
/Library/Developer/CommandLineTools/usr/bin/cc   -isysroot /Library/Developer/CommandLineTools/SDKs/MacOSX10.14.sdk -Wl,-search_paths_first -Wl,-headerpad_max_install_names   CMakeFiles/cmTC_76790.dir/feature_tests.c.o  -o cmTC_76790 
gmake[1] : on quitte le répertoire « /Users/Quentin/Library/Mobile Documents/com~apple~CloudDocs/Telecom/Cours/S2/C - Shell/TDs/TD1/cmake-build-debug/CMakeFiles/CMakeTmp »


    Feature record: C_FEATURE:1c_function_prototypes
    Feature record: C_FEATURE:0c_restrict
    Feature record: C_FEATURE:0c_static_assert
    Feature record: C_FEATURE:0c_variadic_macros
