Analysis & Synthesis report for Projet
Fri Mar 22 17:20:35 2019
Quartus II 64-Bit Version 13.0.1 Build 232 06/12/2013 Service Pack 1 SJ Web Edition


---------------------
; Table of Contents ;
---------------------
  1. Legal Notice
  2. Analysis & Synthesis Summary
  3. Analysis & Synthesis Settings
  4. Parallel Compilation
  5. Analysis & Synthesis Source Files Read
  6. Analysis & Synthesis Resource Usage Summary
  7. Analysis & Synthesis Resource Utilization by Entity
  8. User-Specified and Inferred Latches
  9. General Register Statistics
 10. Multiplexer Restructuring Statistics (Restructuring Performed)
 11. Parameter Settings for User Entity Instance: Top-level Entity: |tri3valV3
 12. Parameter Settings for User Entity Instance: registre:reg_A
 13. Parameter Settings for User Entity Instance: registre:reg_B
 14. Parameter Settings for User Entity Instance: registre:reg_C
 15. Parameter Settings for User Entity Instance: registre:reg_Max
 16. Parameter Settings for User Entity Instance: registre:reg_Med
 17. Parameter Settings for User Entity Instance: registre:reg_Min
 18. Elapsed Time Per Partition
 19. Analysis & Synthesis Messages



----------------
; Legal Notice ;
----------------
Copyright (C) 1991-2013 Altera Corporation
Your use of Altera Corporation's design tools, logic functions 
and other software and tools, and its AMPP partner logic 
functions, and any output files from any of the foregoing 
(including device programming or simulation files), and any 
associated documentation or information are expressly subject 
to the terms and conditions of the Altera Program License 
Subscription Agreement, Altera MegaCore Function License 
Agreement, or other applicable license agreement, including, 
without limitation, that your use is for the sole purpose of 
programming logic devices manufactured by Altera and sold by 
Altera or its authorized distributors.  Please refer to the 
applicable agreement for further details.



+---------------------------------------------------------------------------------------+
; Analysis & Synthesis Summary                                                          ;
+-------------------------------------+-------------------------------------------------+
; Analysis & Synthesis Status         ; Successful - Fri Mar 22 17:20:35 2019           ;
; Quartus II 64-Bit Version           ; 13.0.1 Build 232 06/12/2013 SP 1 SJ Web Edition ;
; Revision Name                       ; Projet                                          ;
; Top-level Entity Name               ; tri3valV3                                       ;
; Family                              ; Cyclone V                                       ;
; Logic utilization (in ALMs)         ; N/A                                             ;
; Total registers                     ; 24                                              ;
; Total pins                          ; 26                                              ;
; Total virtual pins                  ; 0                                               ;
; Total block memory bits             ; 0                                               ;
; Total DSP Blocks                    ; 0                                               ;
; Total HSSI RX PCSs                  ; 0                                               ;
; Total HSSI PMA RX Deserializers     ; 0                                               ;
; Total HSSI PMA RX ATT Deserializers ; 0                                               ;
; Total HSSI TX PCSs                  ; 0                                               ;
; Total HSSI PMA TX Serializers       ; 0                                               ;
; Total HSSI PMA TX ATT Serializers   ; 0                                               ;
; Total PLLs                          ; 0                                               ;
; Total DLLs                          ; 0                                               ;
+-------------------------------------+-------------------------------------------------+


+---------------------------------------------------------------------------------------------------------------------------+
; Analysis & Synthesis Settings                                                                                             ;
+---------------------------------------------------------------------------------+--------------------+--------------------+
; Option                                                                          ; Setting            ; Default Value      ;
+---------------------------------------------------------------------------------+--------------------+--------------------+
; Device                                                                          ; 5CSEMA6F31C6       ;                    ;
; Top-level entity name                                                           ; tri3valV3          ; Projet             ;
; Family name                                                                     ; Cyclone V          ; Cyclone IV GX      ;
; VHDL Show LMF Mapping Messages                                                  ; Off                ;                    ;
; VHDL Version                                                                    ; VHDL_2008          ; VHDL_1993          ;
; Use smart compilation                                                           ; Off                ; Off                ;
; Enable parallel Assembler and TimeQuest Timing Analyzer during compilation      ; On                 ; On                 ;
; Enable compact report table                                                     ; Off                ; Off                ;
; Restructure Multiplexers                                                        ; Auto               ; Auto               ;
; MLAB Add Timing Constraints For Mixed-Port Feed-Through Mode Setting Don't Care ; Off                ; Off                ;
; Create Debugging Nodes for IP Cores                                             ; Off                ; Off                ;
; Preserve fewer node names                                                       ; On                 ; On                 ;
; Disable OpenCore Plus hardware evaluation                                       ; Off                ; Off                ;
; Verilog Version                                                                 ; Verilog_2001       ; Verilog_2001       ;
; State Machine Processing                                                        ; Auto               ; Auto               ;
; Safe State Machine                                                              ; Off                ; Off                ;
; Extract Verilog State Machines                                                  ; On                 ; On                 ;
; Extract VHDL State Machines                                                     ; On                 ; On                 ;
; Ignore Verilog initial constructs                                               ; Off                ; Off                ;
; Iteration limit for constant Verilog loops                                      ; 5000               ; 5000               ;
; Iteration limit for non-constant Verilog loops                                  ; 250                ; 250                ;
; Add Pass-Through Logic to Inferred RAMs                                         ; On                 ; On                 ;
; Infer RAMs from Raw Logic                                                       ; On                 ; On                 ;
; Parallel Synthesis                                                              ; On                 ; On                 ;
; DSP Block Balancing                                                             ; Auto               ; Auto               ;
; NOT Gate Push-Back                                                              ; On                 ; On                 ;
; Power-Up Don't Care                                                             ; On                 ; On                 ;
; Remove Redundant Logic Cells                                                    ; Off                ; Off                ;
; Remove Duplicate Registers                                                      ; On                 ; On                 ;
; Ignore CARRY Buffers                                                            ; Off                ; Off                ;
; Ignore CASCADE Buffers                                                          ; Off                ; Off                ;
; Ignore GLOBAL Buffers                                                           ; Off                ; Off                ;
; Ignore ROW GLOBAL Buffers                                                       ; Off                ; Off                ;
; Ignore LCELL Buffers                                                            ; Off                ; Off                ;
; Ignore SOFT Buffers                                                             ; On                 ; On                 ;
; Limit AHDL Integers to 32 Bits                                                  ; Off                ; Off                ;
; Optimization Technique                                                          ; Balanced           ; Balanced           ;
; Carry Chain Length                                                              ; 70                 ; 70                 ;
; Auto Carry Chains                                                               ; On                 ; On                 ;
; Auto Open-Drain Pins                                                            ; On                 ; On                 ;
; Perform WYSIWYG Primitive Resynthesis                                           ; Off                ; Off                ;
; Auto ROM Replacement                                                            ; On                 ; On                 ;
; Auto RAM Replacement                                                            ; On                 ; On                 ;
; Auto DSP Block Replacement                                                      ; On                 ; On                 ;
; Auto Shift Register Replacement                                                 ; Auto               ; Auto               ;
; Allow Shift Register Merging across Hierarchies                                 ; Auto               ; Auto               ;
; Auto Clock Enable Replacement                                                   ; On                 ; On                 ;
; Strict RAM Replacement                                                          ; Off                ; Off                ;
; Allow Synchronous Control Signals                                               ; On                 ; On                 ;
; Force Use of Synchronous Clear Signals                                          ; Off                ; Off                ;
; Auto Resource Sharing                                                           ; Off                ; Off                ;
; Allow Any RAM Size For Recognition                                              ; Off                ; Off                ;
; Allow Any ROM Size For Recognition                                              ; Off                ; Off                ;
; Allow Any Shift Register Size For Recognition                                   ; Off                ; Off                ;
; Use LogicLock Constraints during Resource Balancing                             ; On                 ; On                 ;
; Ignore translate_off and synthesis_off directives                               ; Off                ; Off                ;
; Timing-Driven Synthesis                                                         ; On                 ; On                 ;
; Report Parameter Settings                                                       ; On                 ; On                 ;
; Report Source Assignments                                                       ; On                 ; On                 ;
; Report Connectivity Checks                                                      ; On                 ; On                 ;
; Ignore Maximum Fan-Out Assignments                                              ; Off                ; Off                ;
; Synchronization Register Chain Length                                           ; 3                  ; 3                  ;
; PowerPlay Power Optimization                                                    ; Normal compilation ; Normal compilation ;
; HDL message level                                                               ; Level2             ; Level2             ;
; Suppress Register Optimization Related Messages                                 ; Off                ; Off                ;
; Number of Removed Registers Reported in Synthesis Report                        ; 5000               ; 5000               ;
; Number of Swept Nodes Reported in Synthesis Report                              ; 5000               ; 5000               ;
; Number of Inverted Registers Reported in Synthesis Report                       ; 100                ; 100                ;
; Clock MUX Protection                                                            ; On                 ; On                 ;
; Auto Gated Clock Conversion                                                     ; Off                ; Off                ;
; Block Design Naming                                                             ; Auto               ; Auto               ;
; SDC constraint protection                                                       ; Off                ; Off                ;
; Synthesis Effort                                                                ; Auto               ; Auto               ;
; Shift Register Replacement - Allow Asynchronous Clear Signal                    ; On                 ; On                 ;
; Pre-Mapping Resynthesis Optimization                                            ; Off                ; Off                ;
; Analysis & Synthesis Message Level                                              ; Medium             ; Medium             ;
; Disable Register Merging Across Hierarchies                                     ; Auto               ; Auto               ;
; Resource Aware Inference For Block RAM                                          ; On                 ; On                 ;
; Synthesis Seed                                                                  ; 1                  ; 1                  ;
; Automatic Parallel Synthesis                                                    ; Off                ; Off                ;
+---------------------------------------------------------------------------------+--------------------+--------------------+


Parallel compilation was disabled, but you have multiple processors available. Enable parallel compilation to reduce compilation time.
+-------------------------------------+
; Parallel Compilation                ;
+----------------------------+--------+
; Processors                 ; Number ;
+----------------------------+--------+
; Number detected on machine ; 4      ;
; Maximum allowed            ; 1      ;
+----------------------------+--------+


+----------------------------------------------------------------------------------------------------------------------------------------------------+
; Analysis & Synthesis Source Files Read                                                                                                             ;
+----------------------------------+-----------------+-----------------+-------------------------------------------------------------------+---------+
; File Name with User-Entered Path ; Used in Netlist ; File Type       ; File Name with Absolute Path                                      ; Library ;
+----------------------------------+-----------------+-----------------+-------------------------------------------------------------------+---------+
; registre.vhd                     ; yes             ; User VHDL File  ; /home/teddy/Documents/TNCY/SCIN/TNCY-2A-Projet-SCIN/registre.vhd  ;         ;
; tri3valV3.vhd                    ; yes             ; User VHDL File  ; /home/teddy/Documents/TNCY/SCIN/TNCY-2A-Projet-SCIN/tri3valV3.vhd ;         ;
+----------------------------------+-----------------+-----------------+-------------------------------------------------------------------+---------+


+-----------------------------------------------------------+
; Analysis & Synthesis Resource Usage Summary               ;
+---------------------------------------------+-------------+
; Resource                                    ; Usage       ;
+---------------------------------------------+-------------+
; Estimate of Logic utilization (ALMs needed) ; 21          ;
;                                             ;             ;
; Combinational ALUT usage for logic          ; 27          ;
;     -- 7 input functions                    ; 0           ;
;     -- 6 input functions                    ; 12          ;
;     -- 5 input functions                    ; 3           ;
;     -- 4 input functions                    ; 3           ;
;     -- <=3 input functions                  ; 9           ;
;                                             ;             ;
; Dedicated logic registers                   ; 24          ;
;                                             ;             ;
; I/O pins                                    ; 26          ;
; Total DSP Blocks                            ; 0           ;
; Maximum fan-out node                        ; clock~input ;
; Maximum fan-out                             ; 24          ;
; Total fan-out                               ; 236         ;
; Average fan-out                             ; 2.29        ;
+---------------------------------------------+-------------+


+-------------------------------------------------------------------------------------------------------------------------------------------------------------------+
; Analysis & Synthesis Resource Utilization by Entity                                                                                                               ;
+----------------------------+-------------------+--------------+-------------------+------------+------+--------------+-----------------------------+--------------+
; Compilation Hierarchy Node ; LC Combinationals ; LC Registers ; Block Memory Bits ; DSP Blocks ; Pins ; Virtual Pins ; Full Hierarchy Name         ; Library Name ;
+----------------------------+-------------------+--------------+-------------------+------------+------+--------------+-----------------------------+--------------+
; |tri3valV3                 ; 27 (27)           ; 24 (0)       ; 0                 ; 0          ; 26   ; 0            ; |tri3valV3                  ; work         ;
;    |registre:reg_A|        ; 0 (0)             ; 4 (4)        ; 0                 ; 0          ; 0    ; 0            ; |tri3valV3|registre:reg_A   ; work         ;
;    |registre:reg_B|        ; 0 (0)             ; 4 (4)        ; 0                 ; 0          ; 0    ; 0            ; |tri3valV3|registre:reg_B   ; work         ;
;    |registre:reg_C|        ; 0 (0)             ; 4 (4)        ; 0                 ; 0          ; 0    ; 0            ; |tri3valV3|registre:reg_C   ; work         ;
;    |registre:reg_Max|      ; 0 (0)             ; 4 (4)        ; 0                 ; 0          ; 0    ; 0            ; |tri3valV3|registre:reg_Max ; work         ;
;    |registre:reg_Med|      ; 0 (0)             ; 4 (4)        ; 0                 ; 0          ; 0    ; 0            ; |tri3valV3|registre:reg_Med ; work         ;
;    |registre:reg_Min|      ; 0 (0)             ; 4 (4)        ; 0                 ; 0          ; 0    ; 0            ; |tri3valV3|registre:reg_Min ; work         ;
+----------------------------+-------------------+--------------+-------------------+------------+------+--------------+-----------------------------+--------------+
Note: For table entries with two numbers listed, the numbers in parentheses indicate the number of resources of the given type used by the specific entity alone. The numbers listed outside of parentheses indicate the total resources of the given type used by the specific entity and all of its sub-entities in the hierarchy.


+---------------------------------------------------------------------------------------------------+
; User-Specified and Inferred Latches                                                               ;
+----------------------------------------------------+---------------------+------------------------+
; Latch Name                                         ; Latch Enable Signal ; Free of Timing Hazards ;
+----------------------------------------------------+---------------------+------------------------+
; sigMax[0]                                          ; sigMax[0]           ; yes                    ;
; sigMax[1]                                          ; sigMax[0]           ; yes                    ;
; sigMax[2]                                          ; sigMax[0]           ; yes                    ;
; sigMax[3]                                          ; sigMax[0]           ; yes                    ;
; sigMin[0]                                          ; sigMin[0]           ; yes                    ;
; sigMin[1]                                          ; sigMin[0]           ; yes                    ;
; sigMin[2]                                          ; sigMin[0]           ; yes                    ;
; sigMin[3]                                          ; sigMin[0]           ; yes                    ;
; Number of user-specified and inferred latches = 8  ;                     ;                        ;
+----------------------------------------------------+---------------------+------------------------+
Note: All latches listed above may not be present at the end of synthesis due to various synthesis optimizations.


+------------------------------------------------------+
; General Register Statistics                          ;
+----------------------------------------------+-------+
; Statistic                                    ; Value ;
+----------------------------------------------+-------+
; Total registers                              ; 24    ;
; Number of registers using Synchronous Clear  ; 0     ;
; Number of registers using Synchronous Load   ; 0     ;
; Number of registers using Asynchronous Clear ; 24    ;
; Number of registers using Asynchronous Load  ; 0     ;
; Number of registers using Clock Enable       ; 0     ;
; Number of registers using Preset             ; 0     ;
+----------------------------------------------+-------+


+------------------------------------------------------------------------------------------------------------------------------------------+
; Multiplexer Restructuring Statistics (Restructuring Performed)                                                                           ;
+--------------------+-----------+---------------+----------------------+------------------------+------------+----------------------------+
; Multiplexer Inputs ; Bus Width ; Baseline Area ; Area if Restructured ; Saving if Restructured ; Registered ; Example Multiplexer Output ;
+--------------------+-----------+---------------+----------------------+------------------------+------------+----------------------------+
; 3:1                ; 4 bits    ; 8 LEs         ; 8 LEs                ; 0 LEs                  ; No         ; |tri3valV3|sigMin[0]       ;
; 4:1                ; 4 bits    ; 8 LEs         ; 8 LEs                ; 0 LEs                  ; No         ; |tri3valV3|sigMax[0]       ;
; 4:1                ; 4 bits    ; 8 LEs         ; 8 LEs                ; 0 LEs                  ; No         ; |tri3valV3|sigMed[0]       ;
+--------------------+-----------+---------------+----------------------+------------------------+------------+----------------------------+


+---------------------------------------------------------------------------+
; Parameter Settings for User Entity Instance: Top-level Entity: |tri3valV3 ;
+----------------+-------+--------------------------------------------------+
; Parameter Name ; Value ; Type                                             ;
+----------------+-------+--------------------------------------------------+
; size           ; 4     ; Signed Integer                                   ;
+----------------+-------+--------------------------------------------------+
Note: In order to hide this table in the UI and the text report file, please set the "Show Parameter Settings in Synthesis Report" option in "Analysis and Synthesis Settings -> More Settings" to "Off".


+-------------------------------------------------------------+
; Parameter Settings for User Entity Instance: registre:reg_A ;
+----------------+-------+------------------------------------+
; Parameter Name ; Value ; Type                               ;
+----------------+-------+------------------------------------+
; size           ; 4     ; Signed Integer                     ;
+----------------+-------+------------------------------------+
Note: In order to hide this table in the UI and the text report file, please set the "Show Parameter Settings in Synthesis Report" option in "Analysis and Synthesis Settings -> More Settings" to "Off".


+-------------------------------------------------------------+
; Parameter Settings for User Entity Instance: registre:reg_B ;
+----------------+-------+------------------------------------+
; Parameter Name ; Value ; Type                               ;
+----------------+-------+------------------------------------+
; size           ; 4     ; Signed Integer                     ;
+----------------+-------+------------------------------------+
Note: In order to hide this table in the UI and the text report file, please set the "Show Parameter Settings in Synthesis Report" option in "Analysis and Synthesis Settings -> More Settings" to "Off".


+-------------------------------------------------------------+
; Parameter Settings for User Entity Instance: registre:reg_C ;
+----------------+-------+------------------------------------+
; Parameter Name ; Value ; Type                               ;
+----------------+-------+------------------------------------+
; size           ; 4     ; Signed Integer                     ;
+----------------+-------+------------------------------------+
Note: In order to hide this table in the UI and the text report file, please set the "Show Parameter Settings in Synthesis Report" option in "Analysis and Synthesis Settings -> More Settings" to "Off".


+---------------------------------------------------------------+
; Parameter Settings for User Entity Instance: registre:reg_Max ;
+----------------+-------+--------------------------------------+
; Parameter Name ; Value ; Type                                 ;
+----------------+-------+--------------------------------------+
; size           ; 4     ; Signed Integer                       ;
+----------------+-------+--------------------------------------+
Note: In order to hide this table in the UI and the text report file, please set the "Show Parameter Settings in Synthesis Report" option in "Analysis and Synthesis Settings -> More Settings" to "Off".


+---------------------------------------------------------------+
; Parameter Settings for User Entity Instance: registre:reg_Med ;
+----------------+-------+--------------------------------------+
; Parameter Name ; Value ; Type                                 ;
+----------------+-------+--------------------------------------+
; size           ; 4     ; Signed Integer                       ;
+----------------+-------+--------------------------------------+
Note: In order to hide this table in the UI and the text report file, please set the "Show Parameter Settings in Synthesis Report" option in "Analysis and Synthesis Settings -> More Settings" to "Off".


+---------------------------------------------------------------+
; Parameter Settings for User Entity Instance: registre:reg_Min ;
+----------------+-------+--------------------------------------+
; Parameter Name ; Value ; Type                                 ;
+----------------+-------+--------------------------------------+
; size           ; 4     ; Signed Integer                       ;
+----------------+-------+--------------------------------------+
Note: In order to hide this table in the UI and the text report file, please set the "Show Parameter Settings in Synthesis Report" option in "Analysis and Synthesis Settings -> More Settings" to "Off".


+-------------------------------+
; Elapsed Time Per Partition    ;
+----------------+--------------+
; Partition Name ; Elapsed Time ;
+----------------+--------------+
; Top            ; 00:00:00     ;
+----------------+--------------+


+-------------------------------+
; Analysis & Synthesis Messages ;
+-------------------------------+
Info: *******************************************************************
Info: Running Quartus II 64-Bit Analysis & Synthesis
    Info: Version 13.0.1 Build 232 06/12/2013 Service Pack 1 SJ Web Edition
    Info: Processing started: Fri Mar 22 17:20:33 2019
Info: Command: quartus_map --read_settings_files=on --write_settings_files=off Projet -c Projet
Warning (20028): Parallel compilation is not licensed and has been disabled
Info (12021): Found 2 design units, including 1 entities, in source file tri3valV1.vhd
    Info (12022): Found design unit 1: tri3valV1-arch
    Info (12023): Found entity 1: tri3valV1
Info (12021): Found 2 design units, including 1 entities, in source file registre.vhd
    Info (12022): Found design unit 1: registre-arch
    Info (12023): Found entity 1: registre
Info (12021): Found 2 design units, including 1 entities, in source file tri3valV1_tb.vhd
    Info (12022): Found design unit 1: tri3valV1_tb-arch
    Info (12023): Found entity 1: tri3valV1_tb
Info (12021): Found 2 design units, including 1 entities, in source file tri3valV2.vhd
    Info (12022): Found design unit 1: tri3valV2-arch
    Info (12023): Found entity 1: tri3valV2
Info (12021): Found 2 design units, including 1 entities, in source file tri3valV3.vhd
    Info (12022): Found design unit 1: tri3valV3-arch
    Info (12023): Found entity 1: tri3valV3
Info (12021): Found 2 design units, including 1 entities, in source file tri3valV2_tb.vhd
    Info (12022): Found design unit 1: tri3valV2_tb-arch
    Info (12023): Found entity 1: tri3valV2_tb
Info (12021): Found 2 design units, including 1 entities, in source file tri3valV3_tb.vhd
    Info (12022): Found design unit 1: tri3valV3_tb-arch
    Info (12023): Found entity 1: tri3valV3_tb
Info (12127): Elaborating entity "tri3valV3" for the top level hierarchy
Warning (10492): VHDL Process Statement warning at tri3valV3.vhd(50): signal "AinfB" is read inside the Process Statement but isn't in the Process Statement's sensitivity list
Warning (10492): VHDL Process Statement warning at tri3valV3.vhd(50): signal "AinfC" is read inside the Process Statement but isn't in the Process Statement's sensitivity list
Warning (10492): VHDL Process Statement warning at tri3valV3.vhd(52): signal "AinfB" is read inside the Process Statement but isn't in the Process Statement's sensitivity list
Warning (10492): VHDL Process Statement warning at tri3valV3.vhd(52): signal "AinfC" is read inside the Process Statement but isn't in the Process Statement's sensitivity list
Warning (10492): VHDL Process Statement warning at tri3valV3.vhd(59): signal "AinfB" is read inside the Process Statement but isn't in the Process Statement's sensitivity list
Warning (10492): VHDL Process Statement warning at tri3valV3.vhd(59): signal "BinfC" is read inside the Process Statement but isn't in the Process Statement's sensitivity list
Warning (10492): VHDL Process Statement warning at tri3valV3.vhd(61): signal "AinfB" is read inside the Process Statement but isn't in the Process Statement's sensitivity list
Warning (10492): VHDL Process Statement warning at tri3valV3.vhd(61): signal "BinfC" is read inside the Process Statement but isn't in the Process Statement's sensitivity list
Warning (10492): VHDL Process Statement warning at tri3valV3.vhd(68): signal "AinfC" is read inside the Process Statement but isn't in the Process Statement's sensitivity list
Warning (10492): VHDL Process Statement warning at tri3valV3.vhd(68): signal "BinfC" is read inside the Process Statement but isn't in the Process Statement's sensitivity list
Warning (10492): VHDL Process Statement warning at tri3valV3.vhd(70): signal "AinfC" is read inside the Process Statement but isn't in the Process Statement's sensitivity list
Warning (10492): VHDL Process Statement warning at tri3valV3.vhd(70): signal "BinfC" is read inside the Process Statement but isn't in the Process Statement's sensitivity list
Warning (10631): VHDL Process Statement warning at tri3valV3.vhd(42): inferring latch(es) for signal or variable "sigMin", which holds its previous value in one or more paths through the process
Warning (10631): VHDL Process Statement warning at tri3valV3.vhd(42): inferring latch(es) for signal or variable "sigMax", which holds its previous value in one or more paths through the process
Warning (10631): VHDL Process Statement warning at tri3valV3.vhd(42): inferring latch(es) for signal or variable "sigMed", which holds its previous value in one or more paths through the process
Info (10041): Inferred latch for "sigMed[0]" at tri3valV3.vhd(42)
Info (10041): Inferred latch for "sigMed[1]" at tri3valV3.vhd(42)
Info (10041): Inferred latch for "sigMed[2]" at tri3valV3.vhd(42)
Info (10041): Inferred latch for "sigMed[3]" at tri3valV3.vhd(42)
Info (10041): Inferred latch for "sigMax[0]" at tri3valV3.vhd(42)
Info (10041): Inferred latch for "sigMax[1]" at tri3valV3.vhd(42)
Info (10041): Inferred latch for "sigMax[2]" at tri3valV3.vhd(42)
Info (10041): Inferred latch for "sigMax[3]" at tri3valV3.vhd(42)
Info (10041): Inferred latch for "sigMin[0]" at tri3valV3.vhd(42)
Info (10041): Inferred latch for "sigMin[1]" at tri3valV3.vhd(42)
Info (10041): Inferred latch for "sigMin[2]" at tri3valV3.vhd(42)
Info (10041): Inferred latch for "sigMin[3]" at tri3valV3.vhd(42)
Info (12128): Elaborating entity "registre" for hierarchy "registre:reg_A"
Warning (14026): LATCH primitive "sigMed[0]" is permanently enabled
Warning (14026): LATCH primitive "sigMed[1]" is permanently enabled
Warning (14026): LATCH primitive "sigMed[2]" is permanently enabled
Warning (14026): LATCH primitive "sigMed[3]" is permanently enabled
Warning (13012): Latch sigMax[0] has unsafe behavior
    Warning (13013): Ports D and ENA on the latch are fed by the same signal registre:reg_A|q[3]
Warning (13012): Latch sigMax[1] has unsafe behavior
    Warning (13013): Ports D and ENA on the latch are fed by the same signal registre:reg_A|q[3]
Warning (13012): Latch sigMax[2] has unsafe behavior
    Warning (13013): Ports D and ENA on the latch are fed by the same signal registre:reg_C|q[2]
Warning (13012): Latch sigMax[3] has unsafe behavior
    Warning (13013): Ports D and ENA on the latch are fed by the same signal registre:reg_C|q[3]
Warning (13012): Latch sigMin[0] has unsafe behavior
    Warning (13013): Ports D and ENA on the latch are fed by the same signal registre:reg_A|q[3]
Warning (13012): Latch sigMin[1] has unsafe behavior
    Warning (13013): Ports D and ENA on the latch are fed by the same signal registre:reg_A|q[3]
Warning (13012): Latch sigMin[2] has unsafe behavior
    Warning (13013): Ports D and ENA on the latch are fed by the same signal registre:reg_C|q[2]
Warning (13012): Latch sigMin[3] has unsafe behavior
    Warning (13013): Ports D and ENA on the latch are fed by the same signal registre:reg_C|q[3]
Info (286030): Timing-Driven Synthesis is running
Info (16010): Generating hard_block partition "hard_block:auto_generated_inst"
    Info (16011): Adding 0 node(s), including 0 DDIO, 0 PLL, 0 transceiver and 0 LCELL
Info (21057): Implemented 73 device resources after synthesis - the final resource count might be different
    Info (21058): Implemented 14 input pins
    Info (21059): Implemented 12 output pins
    Info (21061): Implemented 47 logic cells
Info: Quartus II 64-Bit Analysis & Synthesis was successful. 0 errors, 36 warnings
    Info: Peak virtual memory: 656 megabytes
    Info: Processing ended: Fri Mar 22 17:20:35 2019
    Info: Elapsed time: 00:00:02
    Info: Total CPU time (on all processors): 00:00:02


