Flow report for Projet
Fri Mar 22 17:22:11 2019
Quartus II 64-Bit Version 13.0.1 Build 232 06/12/2013 Service Pack 1 SJ Web Edition


---------------------
; Table of Contents ;
---------------------
  1. Legal Notice
  2. Flow Summary
  3. Flow Settings
  4. Flow Non-Default Global Settings
  5. Flow Elapsed Time
  6. Flow OS Summary
  7. Flow Log
  8. Flow Messages
  9. Flow Suppressed Messages



----------------
; Legal Notice ;
----------------
Copyright (C) 1991-2013 Altera Corporation
Your use of Altera Corporation's design tools, logic functions 
and other software and tools, and its AMPP partner logic 
functions, and any output files from any of the foregoing 
(including device programming or simulation files), and any 
associated documentation or information are expressly subject 
to the terms and conditions of the Altera Program License 
Subscription Agreement, Altera MegaCore Function License 
Agreement, or other applicable license agreement, including, 
without limitation, that your use is for the sole purpose of 
programming logic devices manufactured by Altera and sold by 
Altera or its authorized distributors.  Please refer to the 
applicable agreement for further details.



+---------------------------------------------------------------------------------------+
; Flow Summary                                                                          ;
+-------------------------------------+-------------------------------------------------+
; Flow Status                         ; Successful - Fri Mar 22 17:22:11 2019           ;
; Quartus II 64-Bit Version           ; 13.0.1 Build 232 06/12/2013 SP 1 SJ Web Edition ;
; Revision Name                       ; Projet                                          ;
; Top-level Entity Name               ; tri3valV3                                       ;
; Family                              ; Cyclone V                                       ;
; Device                              ; 5CSEMA6F31C6                                    ;
; Timing Models                       ; Preliminary                                     ;
; Logic utilization (in ALMs)         ; 20 / 41,910 ( < 1 % )                           ;
; Total registers                     ; 24                                              ;
; Total pins                          ; 26 / 457 ( 6 % )                                ;
; Total virtual pins                  ; 0                                               ;
; Total block memory bits             ; 0 / 5,662,720 ( 0 % )                           ;
; Total DSP Blocks                    ; 0 / 112 ( 0 % )                                 ;
; Total HSSI RX PCSs                  ; 0                                               ;
; Total HSSI PMA RX Deserializers     ; 0                                               ;
; Total HSSI PMA RX ATT Deserializers ; 0                                               ;
; Total HSSI TX PCSs                  ; 0                                               ;
; Total HSSI PMA TX Serializers       ; 0                                               ;
; Total HSSI PMA TX ATT Serializers   ; 0                                               ;
; Total PLLs                          ; 0 / 6 ( 0 % )                                   ;
; Total DLLs                          ; 0 / 4 ( 0 % )                                   ;
+-------------------------------------+-------------------------------------------------+


+-----------------------------------------+
; Flow Settings                           ;
+-------------------+---------------------+
; Option            ; Setting             ;
+-------------------+---------------------+
; Start date & time ; 03/22/2019 17:20:33 ;
; Main task         ; Compilation         ;
; Revision Name     ; Projet              ;
+-------------------+---------------------+


+-----------------------------------------------------------------------------------------------------------------------------+
; Flow Non-Default Global Settings                                                                                            ;
+--------------------------------------+---------------------------------------+---------------+-------------+----------------+
; Assignment Name                      ; Value                                 ; Default Value ; Entity Name ; Section Id     ;
+--------------------------------------+---------------------------------------+---------------+-------------+----------------+
; COMPILER_SIGNATURE_ID                ; 0.155327163316932                     ; --            ; --          ; --             ;
; EDA_DESIGN_INSTANCE_NAME             ; NA                                    ; --            ; --          ; tri3valV1_tb   ;
; EDA_DESIGN_INSTANCE_NAME             ; NA                                    ; --            ; --          ; tri3valV2_tb   ;
; EDA_DESIGN_INSTANCE_NAME             ; NA                                    ; --            ; --          ; tri3valV3_tb   ;
; EDA_NATIVELINK_SIMULATION_TEST_BENCH ; tri3valV2_tb                          ; --            ; --          ; eda_simulation ;
; EDA_OUTPUT_DATA_FORMAT               ; Vhdl                                  ; --            ; --          ; eda_simulation ;
; EDA_SIMULATION_TOOL                  ; ModelSim-Altera (VHDL)                ; <None>        ; --          ; --             ;
; EDA_TEST_BENCH_ENABLE_STATUS         ; TEST_BENCH_MODE                       ; --            ; --          ; eda_simulation ;
; EDA_TEST_BENCH_FILE                  ; tri3valV1_tb.vhd                      ; --            ; --          ; tri3valV1_tb   ;
; EDA_TEST_BENCH_FILE                  ; tri3valV2_tb.vhd                      ; --            ; --          ; tri3valV2_tb   ;
; EDA_TEST_BENCH_FILE                  ; tri3valV3_tb.vhd                      ; --            ; --          ; tri3valV3_tb   ;
; EDA_TEST_BENCH_MODULE_NAME           ; tri3valV1_tb                          ; --            ; --          ; tri3valV1_tb   ;
; EDA_TEST_BENCH_MODULE_NAME           ; tri3valV2_tb                          ; --            ; --          ; tri3valV2_tb   ;
; EDA_TEST_BENCH_MODULE_NAME           ; tri3valV3_tb                          ; --            ; --          ; tri3valV3_tb   ;
; EDA_TEST_BENCH_NAME                  ; tri3valV1_tb                          ; --            ; --          ; eda_simulation ;
; EDA_TEST_BENCH_NAME                  ; tri3valV2_tb                          ; --            ; --          ; eda_simulation ;
; EDA_TEST_BENCH_NAME                  ; tri3valV3_tb                          ; --            ; --          ; eda_simulation ;
; MAX_CORE_JUNCTION_TEMP               ; 85                                    ; --            ; --          ; --             ;
; MIN_CORE_JUNCTION_TEMP               ; 0                                     ; --            ; --          ; --             ;
; PARTITION_COLOR                      ; 16764057                              ; --            ; tri3valV3   ; Top            ;
; PARTITION_FITTER_PRESERVATION_LEVEL  ; PLACEMENT_AND_ROUTING                 ; --            ; tri3valV3   ; Top            ;
; PARTITION_NETLIST_TYPE               ; SOURCE                                ; --            ; tri3valV3   ; Top            ;
; POWER_BOARD_THERMAL_MODEL            ; None (CONSERVATIVE)                   ; --            ; --          ; --             ;
; POWER_PRESET_COOLING_SOLUTION        ; 23 MM HEAT SINK WITH 200 LFPM AIRFLOW ; --            ; --          ; --             ;
; PROJECT_OUTPUT_DIRECTORY             ; output_files                          ; --            ; --          ; --             ;
; TOP_LEVEL_ENTITY                     ; tri3valV3                             ; Projet        ; --          ; --             ;
; VHDL_INPUT_VERSION                   ; VHDL_2008                             ; VHDL_1993     ; --          ; --             ;
; VHDL_SHOW_LMF_MAPPING_MESSAGES       ; Off                                   ; --            ; --          ; --             ;
+--------------------------------------+---------------------------------------+---------------+-------------+----------------+


+-------------------------------------------------------------------------------------------------------------------------------+
; Flow Elapsed Time                                                                                                             ;
+---------------------------+--------------+-------------------------+---------------------+------------------------------------+
; Module Name               ; Elapsed Time ; Average Processors Used ; Peak Virtual Memory ; Total CPU Time (on all processors) ;
+---------------------------+--------------+-------------------------+---------------------+------------------------------------+
; Analysis & Synthesis      ; 00:00:02     ; 1.0                     ; 637 MB              ; 00:00:02                           ;
; Fitter                    ; 00:01:16     ; 1.0                     ; 1768 MB             ; 00:01:15                           ;
; Assembler                 ; 00:00:01     ; 1.0                     ; 572 MB              ; 00:00:01                           ;
; TimeQuest Timing Analyzer ; 00:00:08     ; 1.0                     ; 1115 MB             ; 00:00:08                           ;
; EDA Netlist Writer        ; 00:00:02     ; 1.0                     ; 850 MB              ; 00:00:01                           ;
; Total                     ; 00:01:29     ; --                      ; --                  ; 00:01:27                           ;
+---------------------------+--------------+-------------------------+---------------------+------------------------------------+


+-----------------------------------------------------------------------------------------+
; Flow OS Summary                                                                         ;
+---------------------------+------------------+------------+------------+----------------+
; Module Name               ; Machine Hostname ; OS Name    ; OS Version ; Processor type ;
+---------------------------+------------------+------------+------------+----------------+
; Analysis & Synthesis      ; darkness         ; Arch Linux ; Arch Linux ; x86_64         ;
; Fitter                    ; darkness         ; Arch Linux ; Arch Linux ; x86_64         ;
; Assembler                 ; darkness         ; Arch Linux ; Arch Linux ; x86_64         ;
; TimeQuest Timing Analyzer ; darkness         ; Arch Linux ; Arch Linux ; x86_64         ;
; EDA Netlist Writer        ; darkness         ; Arch Linux ; Arch Linux ; x86_64         ;
+---------------------------+------------------+------------+------------+----------------+


------------
; Flow Log ;
------------
quartus_map --read_settings_files=on --write_settings_files=off Projet -c Projet
quartus_fit --read_settings_files=off --write_settings_files=off Projet -c Projet
quartus_asm --read_settings_files=off --write_settings_files=off Projet -c Projet
quartus_sta Projet -c Projet
quartus_eda --read_settings_files=off --write_settings_files=off Projet -c Projet



